C:\Users\psundareson\TOOLS\WinPython-64bit-3.4.4.3\notebooks>python ..\..\kfkd.py fit
Using gpu device 0: Quadro M1000M (CNMeM is disabled)
left_eye_center_x            7039
left_eye_center_y            7039
right_eye_center_x           7036
right_eye_center_y           7036
left_eye_inner_corner_x      2271
left_eye_inner_corner_y      2271
left_eye_outer_corner_x      2267
left_eye_outer_corner_y      2267
right_eye_inner_corner_x     2268
right_eye_inner_corner_y     2268
right_eye_outer_corner_x     2268
right_eye_outer_corner_y     2268
left_eyebrow_inner_end_x     2270
left_eyebrow_inner_end_y     2270
left_eyebrow_outer_end_x     2225
left_eyebrow_outer_end_y     2225
right_eyebrow_inner_end_x    2270
right_eyebrow_inner_end_y    2270
right_eyebrow_outer_end_x    2236
right_eyebrow_outer_end_y    2236
nose_tip_x                   7049
nose_tip_y                   7049
mouth_left_corner_x          2269
mouth_left_corner_y          2269
mouth_right_corner_x         2270
mouth_right_corner_y         2270
mouth_center_top_lip_x       2275
mouth_center_top_lip_y       2275
mouth_center_bottom_lip_x    7016
mouth_center_bottom_lip_y    7016
Image                        7049
dtype: int64
c:\users\psundareson\vm_shared\saliency-2016-cvpr\shallow\src\lasagne\lasagne\init.py:86: UserWarning: The uniform initializer no longer uses Glorot et al.'s approach to determine the bounds, but defaults to the range (-0.01, 0.01) instead. Please use the new GlorotUniform initializer to get the old behavior. GlorotUniform is now the default for all layers.
  warnings.warn("The uniform initializer no longer uses Glorot et al.'s "
  input                 (None, 1, 96, 96)       produces    9216 outputs
  conv1                 (None, 32, 94, 94)      produces  282752 outputs
  pool1                 (None, 32, 47, 47)      produces   70688 outputs
  dropout1              (None, 32, 47, 47)      produces   70688 outputs
  conv2                 (None, 64, 46, 46)      produces  135424 outputs
  pool2                 (None, 64, 23, 23)      produces   33856 outputs
  dropout2              (None, 64, 23, 23)      produces   33856 outputs
  conv3                 (None, 128, 22, 22)     produces   61952 outputs
  pool3                 (None, 128, 11, 11)     produces   15488 outputs
  dropout3              (None, 128, 11, 11)     produces   15488 outputs
  hidden4               (None, 1000)            produces    1000 outputs
  dropout4              (None, 1000)            produces    1000 outputs
  hidden5               (None, 1000)            produces    1000 outputs
  output                (None, 30)              produces      30 outputs
DEBUG: nvcc STDOUT mod.cu
   Creating library C:/Users/psundareson/AppData/Local/Theano/compiledir_Windows-10-10.0.10586-Intel64_Family_6_Model_94_Stepping_3_GenuineIntel-3.4.4-64/tmp2ez6_1jc/m1589c03da27df9b9643df0dfd8e3420f.lib and object C:/Users/psundareson/AppData/Local/Theano/compiledir_Windows-10-10.0.10586-Intel64_Family_6_Model_94_Stepping_3_GenuineIntel-3.4.4-64/tmp2ez6_1jc/m1589c03da27df9b9643df0dfd8e3420f.exp

DEBUG: nvcc STDOUT mod.cu
   Creating library C:/Users/psundareson/AppData/Local/Theano/compiledir_Windows-10-10.0.10586-Intel64_Family_6_Model_94_Stepping_3_GenuineIntel-3.4.4-64/tmp9l2quwy3/mf01085b27dae5e1840eb53b0304dc2fb.lib and object C:/Users/psundareson/AppData/Local/Theano/compiledir_Windows-10-10.0.10586-Intel64_Family_6_Model_94_Stepping_3_GenuineIntel-3.4.4-64/tmp9l2quwy3/mf01085b27dae5e1840eb53b0304dc2fb.exp

DEBUG: nvcc STDOUT mod.cu
   Creating library C:/Users/psundareson/AppData/Local/Theano/compiledir_Windows-10-10.0.10586-Intel64_Family_6_Model_94_Stepping_3_GenuineIntel-3.4.4-64/tmpiig71dib/m80d4188fd0631c4918da14f66878ecd7.lib and object C:/Users/psundareson/AppData/Local/Theano/compiledir_Windows-10-10.0.10586-Intel64_Family_6_Model_94_Stepping_3_GenuineIntel-3.4.4-64/tmpiig71dib/m80d4188fd0631c4918da14f66878ecd7.exp

DEBUG: nvcc STDOUT mod.cu
   Creating library C:/Users/psundareson/AppData/Local/Theano/compiledir_Windows-10-10.0.10586-Intel64_Family_6_Model_94_Stepping_3_GenuineIntel-3.4.4-64/tmpqgl4gd9p/ma94775d5e4673483ab146c19371a332d.lib and object C:/Users/psundareson/AppData/Local/Theano/compiledir_Windows-10-10.0.10586-Intel64_Family_6_Model_94_Stepping_3_GenuineIntel-3.4.4-64/tmpqgl4gd9p/ma94775d5e4673483ab146c19371a332d.exp

DEBUG: nvcc STDOUT mod.cu
   Creating library C:/Users/psundareson/AppData/Local/Theano/compiledir_Windows-10-10.0.10586-Intel64_Family_6_Model_94_Stepping_3_GenuineIntel-3.4.4-64/tmpqmm4ex6i/m1e9959d8cd2d861e919e8eb747ed3fec.lib and object C:/Users/psundareson/AppData/Local/Theano/compiledir_Windows-10-10.0.10586-Intel64_Family_6_Model_94_Stepping_3_GenuineIntel-3.4.4-64/tmpqmm4ex6i/m1e9959d8cd2d861e919e8eb747ed3fec.exp

DEBUG: nvcc STDOUT mod.cu
   Creating library C:/Users/psundareson/AppData/Local/Theano/compiledir_Windows-10-10.0.10586-Intel64_Family_6_Model_94_Stepping_3_GenuineIntel-3.4.4-64/tmptre3m3zm/mca1ee1226d76597433670225c0587b79.lib and object C:/Users/psundareson/AppData/Local/Theano/compiledir_Windows-10-10.0.10586-Intel64_Family_6_Model_94_Stepping_3_GenuineIntel-3.4.4-64/tmptre3m3zm/mca1ee1226d76597433670225c0587b79.exp

DEBUG: nvcc STDOUT mod.cu
   Creating library C:/Users/psundareson/AppData/Local/Theano/compiledir_Windows-10-10.0.10586-Intel64_Family_6_Model_94_Stepping_3_GenuineIntel-3.4.4-64/tmp1b0ms753/mce3b77b18bb9cf67b77de05dec4fd618.lib and object C:/Users/psundareson/AppData/Local/Theano/compiledir_Windows-10-10.0.10586-Intel64_Family_6_Model_94_Stepping_3_GenuineIntel-3.4.4-64/tmp1b0ms753/mce3b77b18bb9cf67b77de05dec4fd618.exp

DEBUG: nvcc STDOUT mod.cu
   Creating library C:/Users/psundareson/AppData/Local/Theano/compiledir_Windows-10-10.0.10586-Intel64_Family_6_Model_94_Stepping_3_GenuineIntel-3.4.4-64/tmpak2sj3le/mfc0c2729c97058a46195ea5d6f2929ce.lib and object C:/Users/psundareson/AppData/Local/Theano/compiledir_Windows-10-10.0.10586-Intel64_Family_6_Model_94_Stepping_3_GenuineIntel-3.4.4-64/tmpak2sj3le/mfc0c2729c97058a46195ea5d6f2929ce.exp

DEBUG: nvcc STDOUT mod.cu
   Creating library C:/Users/psundareson/AppData/Local/Theano/compiledir_Windows-10-10.0.10586-Intel64_Family_6_Model_94_Stepping_3_GenuineIntel-3.4.4-64/tmprpnxy6d0/mb6be8561bf9437dcee7caaf11d9bbf58.lib and object C:/Users/psundareson/AppData/Local/Theano/compiledir_Windows-10-10.0.10586-Intel64_Family_6_Model_94_Stepping_3_GenuineIntel-3.4.4-64/tmprpnxy6d0/mb6be8561bf9437dcee7caaf11d9bbf58.exp

..\..\kfkd.py:124: VisibleDeprecationWarning: using a non-integer number instead of an integer will result in an error in the future
  indices = np.random.choice(bs, bs / 2, replace=False)
  epoch    train loss    valid loss    train/val  dur
-------  ------------  ------------  -----------  -----
      1       0.06252       0.03651      1.71220  5.55s
      2       0.01336       0.02315      0.57715  5.54s
      3       0.00929       0.01767      0.52591  5.46s
      4       0.00779       0.01485      0.52475  5.48s
      5       0.00723       0.01306      0.55345  5.48s
      6       0.00680       0.01207      0.56324  5.48s
      7       0.00657       0.01124      0.58425  5.46s
      8       0.00639       0.01121      0.57024  5.48s
      9       0.00623       0.01061      0.58689  5.50s
     10       0.00617       0.01072      0.57565  5.45s
     11       0.00606       0.01021      0.59317  5.46s
     12       0.00596       0.01107      0.53854  5.47s
     13       0.00585       0.01037      0.56462  5.49s
     14       0.00580       0.00991      0.58510  5.47s
     15       0.00573       0.01009      0.56814  5.41s
     16       0.00567       0.00964      0.58776  5.47s
     17       0.00559       0.00945      0.59163  5.47s
     18       0.00551       0.00921      0.59830  5.46s
     19       0.00554       0.00963      0.57524  5.48s
     20       0.00551       0.00918      0.59992  5.48s
     21       0.00542       0.00905      0.59861  5.47s
     22       0.00532       0.00902      0.58976  5.51s
     23       0.00531       0.00865      0.61360  5.31s
     24       0.00529       0.00851      0.62161  5.50s
     25       0.00525       0.00866      0.60589  5.49s
     26       0.00520       0.00840      0.61941  5.51s
     27       0.00516       0.00845      0.61026  5.47s
     28       0.00518       0.00808      0.64109  5.46s
     29       0.00515       0.00821      0.62736  5.49s
     30       0.00511       0.00821      0.62319  5.48s
     31       0.00508       0.00786      0.64675  5.57s
     32       0.00507       0.00812      0.62363  5.51s
     33       0.00507       0.00809      0.62625  5.62s
     34       0.00498       0.00756      0.65854  5.45s
     35       0.00502       0.00770      0.65159  5.75s
     36       0.00501       0.00775      0.64570  5.57s
     37       0.00497       0.00751      0.66145  5.54s
     38       0.00495       0.00770      0.64306  5.63s
     39       0.00491       0.00746      0.65842  5.56s
     40       0.00489       0.00728      0.67111  5.44s
     41       0.00488       0.00719      0.67869  5.50s
     42       0.00489       0.00736      0.66358  5.48s
     43       0.00484       0.00717      0.67545  5.61s
     44       0.00483       0.00709      0.68121  5.47s
     45       0.00484       0.00715      0.67702  5.56s
     46       0.00482       0.00711      0.67724  5.43s
     47       0.00480       0.00707      0.67951  5.51s
     48       0.00479       0.00704      0.68027  5.62s
     49       0.00478       0.00679      0.70369  5.63s
     50       0.00477       0.00691      0.69012  5.68s
     51       0.00476       0.00678      0.70187  5.58s
     52       0.00472       0.00674      0.69996  5.70s
     53       0.00472       0.00689      0.68536  5.79s
     54       0.00472       0.00682      0.69208  5.44s
     55       0.00469       0.00694      0.67631  5.55s
     56       0.00470       0.00674      0.69716  5.47s
     57       0.00467       0.00659      0.70788  5.88s
     58       0.00466       0.00671      0.69496  5.52s
     59       0.00464       0.00665      0.69746  5.45s
     60       0.00463       0.00645      0.71864  5.43s
     61       0.00466       0.00637      0.73214  5.45s
     62       0.00465       0.00640      0.72581  5.44s
     63       0.00462       0.00642      0.72030  5.44s
     64       0.00459       0.00630      0.72770  5.47s
     65       0.00460       0.00630      0.73121  5.44s
     66       0.00458       0.00614      0.74556  5.47s
     67       0.00458       0.00629      0.72791  5.47s
     68       0.00456       0.00625      0.72950  5.50s
     69       0.00460       0.00631      0.72867  5.51s
     70       0.00458       0.00608      0.75359  5.48s
     71       0.00455       0.00622      0.73192  5.52s
     72       0.00453       0.00605      0.74895  5.51s
     73       0.00456       0.00612      0.74562  5.48s
     74       0.00452       0.00600      0.75375  5.53s
     75       0.00451       0.00595      0.75760  5.48s
     76       0.00453       0.00596      0.75974  5.48s
     77       0.00451       0.00588      0.76710  5.45s
     78       0.00452       0.00578      0.78255  5.51s
     79       0.00448       0.00580      0.77277  5.51s
     80       0.00450       0.00584      0.76978  5.50s
     81       0.00447       0.00576      0.77521  5.54s
     82       0.00446       0.00572      0.78070  5.50s
     83       0.00448       0.00567      0.79033  5.51s
     84       0.00448       0.00575      0.77884  5.47s
     85       0.00449       0.00567      0.79281  5.47s
     86       0.00443       0.00562      0.78950  5.51s
     87       0.00445       0.00565      0.78786  5.48s
     88       0.00445       0.00548      0.81217  5.48s
     89       0.00446       0.00549      0.81300  5.52s
     90       0.00443       0.00535      0.82872  5.54s
     91       0.00442       0.00541      0.81627  5.46s
     92       0.00444       0.00537      0.82788  5.46s
     93       0.00443       0.00537      0.82389  5.47s
     94       0.00440       0.00539      0.81535  5.47s
     95       0.00439       0.00533      0.82306  5.53s
     96       0.00442       0.00526      0.83959  5.51s
     97       0.00442       0.00531      0.83287  5.51s
     98       0.00437       0.00521      0.83931  5.48s
     99       0.00442       0.00522      0.84624  5.48s
    100       0.00439       0.00521      0.84208  5.54s
    101       0.00438       0.00520      0.84168  5.82s
    102       0.00439       0.00509      0.86201  5.61s
    103       0.00437       0.00513      0.85267  5.47s
    104       0.00436       0.00506      0.86035  5.52s
    105       0.00436       0.00506      0.86078  5.51s
    106       0.00436       0.00504      0.86481  5.52s
    107       0.00435       0.00503      0.86438  5.47s
    108       0.00436       0.00495      0.88142  5.50s
    109       0.00435       0.00497      0.87567  5.32s
    110       0.00432       0.00493      0.87721  5.46s
    111       0.00433       0.00490      0.88404  5.46s
    112       0.00433       0.00483      0.89632  5.51s
    113       0.00432       0.00482      0.89719  5.44s
    114       0.00433       0.00480      0.90120  5.46s
    115       0.00431       0.00479      0.89927  5.47s
    116       0.00430       0.00474      0.90612  5.52s
    117       0.00433       0.00474      0.91303  5.51s
    118       0.00431       0.00471      0.91404  5.40s
    119       0.00429       0.00466      0.91912  5.50s
    120       0.00430       0.00462      0.93140  5.49s
    121       0.00428       0.00464      0.92212  5.46s
    122       0.00429       0.00462      0.92747  5.48s
    123       0.00429       0.00463      0.92719  5.45s
    124       0.00429       0.00461      0.93017  5.43s
    125       0.00428       0.00458      0.93443  5.49s
    126       0.00427       0.00458      0.93264  5.59s
    127       0.00429       0.00455      0.94237  5.55s
    128       0.00426       0.00453      0.93908  5.42s
    129       0.00427       0.00451      0.94598  5.44s
    130       0.00425       0.00448      0.94915  5.46s
    131       0.00424       0.00448      0.94646  5.44s
    132       0.00424       0.00443      0.95708  5.39s
    133       0.00425       0.00442      0.96224  5.43s
    134       0.00425       0.00442      0.96112  5.61s
    135       0.00424       0.00441      0.96212  5.56s
    136       0.00422       0.00438      0.96374  5.42s
    137       0.00425       0.00436      0.97578  5.48s
    138       0.00423       0.00435      0.97213  5.44s
    139       0.00424       0.00436      0.97344  5.52s
    140       0.00422       0.00434      0.97420  5.59s
    141       0.00422       0.00434      0.97440  5.53s
    142       0.00422       0.00431      0.97759  5.42s
    143       0.00422       0.00431      0.97891  5.48s
    144       0.00420       0.00428      0.98159  5.51s
    145       0.00419       0.00428      0.98085  5.57s
    146       0.00419       0.00423      0.98976  5.47s
    147       0.00419       0.00425      0.98636  5.51s
    148       0.00418       0.00423      0.98757  5.47s
    149       0.00419       0.00424      0.98731  5.46s
    150       0.00417       0.00422      0.98848  5.49s
    151       0.00417       0.00421      0.99015  5.43s
    152       0.00417       0.00420      0.99357  5.41s
    153       0.00416       0.00420      0.99036  5.45s
    154       0.00416       0.00418      0.99595  5.39s
    155       0.00415       0.00419      0.99121  5.54s
    156       0.00415       0.00416      0.99690  5.53s
    157       0.00416       0.00418      0.99325  5.49s
    158       0.00415       0.00417      0.99609  5.49s
    159       0.00413       0.00413      0.99874  5.50s
    160       0.00413       0.00413      0.99983  5.55s
    161       0.00413       0.00412      1.00257  5.56s
    162       0.00414       0.00413      1.00354  5.51s
    163       0.00412       0.00410      1.00637  5.40s
    164       0.00412       0.00409      1.00659  5.46s
    165       0.00412       0.00410      1.00607  5.46s
    166       0.00411       0.00408      1.00589  5.42s
    167       0.00412       0.00408      1.01111  5.56s
    168       0.00409       0.00405      1.00989  5.50s
    169       0.00409       0.00405      1.00929  5.51s
    170       0.00408       0.00406      1.00587  5.44s
    171       0.00408       0.00405      1.00755  5.46s
    172       0.00405       0.00405      0.99948  5.46s
    173       0.00407       0.00405      1.00556  5.42s
    174       0.00406       0.00404      1.00576  5.40s
    175       0.00404       0.00403      1.00196  5.41s
    176       0.00405       0.00401      1.00955  5.41s
    177       0.00406       0.00399      1.01651  5.43s
    178       0.00404       0.00399      1.01121  5.37s
    179       0.00406       0.00399      1.01664  5.41s
    180       0.00403       0.00398      1.01385  5.44s
    181       0.00403       0.00397      1.01567  5.42s
    182       0.00402       0.00396      1.01559  5.44s
    183       0.00402       0.00396      1.01614  5.44s
    184       0.00402       0.00394      1.01958  5.43s
    185       0.00401       0.00392      1.02278  5.46s
    186       0.00400       0.00394      1.01572  5.49s
    187       0.00401       0.00393      1.02055  5.43s
    188       0.00399       0.00390      1.02205  5.44s
    189       0.00398       0.00392      1.01716  5.44s
    190       0.00398       0.00390      1.02008  5.41s
    191       0.00397       0.00389      1.01997  5.47s
    192       0.00398       0.00390      1.01977  5.51s
    193       0.00397       0.00389      1.02157  5.46s
    194       0.00394       0.00386      1.02250  5.39s
    195       0.00396       0.00386      1.02454  5.48s
    196       0.00396       0.00384      1.03240  5.47s
    197       0.00396       0.00386      1.02577  5.48s
    198       0.00394       0.00386      1.02109  5.47s
    199       0.00394       0.00385      1.02185  5.38s
    200       0.00393       0.00384      1.02485  5.46s
    201       0.00391       0.00384      1.01868  5.47s
    202       0.00392       0.00384      1.02207  5.46s
    203       0.00391       0.00383      1.01842  5.45s
    204       0.00390       0.00382      1.02275  5.57s
    205       0.00392       0.00381      1.02774  5.56s
    206       0.00392       0.00377      1.03846  5.50s
    207       0.00391       0.00377      1.03516  5.41s
    208       0.00390       0.00378      1.03224  5.54s
    209       0.00389       0.00376      1.03395  5.52s
    210       0.00389       0.00375      1.03538  5.46s
    211       0.00386       0.00373      1.03608  5.44s
    212       0.00387       0.00373      1.03674  5.49s
    213       0.00387       0.00374      1.03487  5.47s
    214       0.00385       0.00372      1.03528  5.47s
    215       0.00386       0.00371      1.03847  5.52s
    216       0.00386       0.00373      1.03514  5.50s
    217       0.00384       0.00372      1.03090  5.51s
    218       0.00383       0.00368      1.04091  5.48s
    219       0.00384       0.00370      1.03711  5.44s
    220       0.00384       0.00369      1.03986  5.52s
    221       0.00382       0.00368      1.03920  5.46s
    222       0.00380       0.00364      1.04441  5.45s
    223       0.00380       0.00366      1.03796  5.54s
    224       0.00379       0.00365      1.03922  5.43s
    225       0.00380       0.00365      1.04112  5.46s
    226       0.00379       0.00365      1.04000  5.45s
    227       0.00378       0.00362      1.04372  5.46s
    228       0.00377       0.00361      1.04465  5.44s
    229       0.00378       0.00361      1.04775  5.42s
    230       0.00378       0.00360      1.04791  5.57s
    231       0.00374       0.00360      1.03958  5.46s
    232       0.00375       0.00358      1.04669  5.46s
    233       0.00376       0.00358      1.05088  5.38s
    234       0.00372       0.00359      1.03756  5.45s
    235       0.00374       0.00358      1.04376  5.38s
    236       0.00372       0.00355      1.04958  5.39s
    237       0.00372       0.00353      1.05343  5.53s
    238       0.00371       0.00354      1.04847  5.45s
    239       0.00370       0.00354      1.04716  5.39s
    240       0.00371       0.00354      1.04810  5.49s
    241       0.00369       0.00351      1.04952  5.56s
    242       0.00369       0.00351      1.05193  5.62s
    243       0.00368       0.00352      1.04575  5.48s
    244       0.00367       0.00350      1.04823  5.42s
    245       0.00367       0.00350      1.04957  5.44s
    246       0.00367       0.00346      1.06024  5.44s
    247       0.00366       0.00347      1.05442  5.40s
    248       0.00364       0.00347      1.04728  5.42s
    249       0.00366       0.00346      1.05640  5.38s
    250       0.00365       0.00347      1.04967  5.51s
    251       0.00365       0.00346      1.05499  5.57s
    252       0.00363       0.00343      1.05840  5.55s
    253       0.00361       0.00342      1.05393  5.51s
    254       0.00361       0.00342      1.05602  5.52s
    255       0.00362       0.00341      1.06133  5.52s
    256       0.00361       0.00339      1.06356  5.54s
    257       0.00360       0.00339      1.06136  5.65s
    258       0.00358       0.00338      1.05759  5.52s
    259       0.00359       0.00341      1.05213  5.50s
    260       0.00357       0.00337      1.05973  5.45s
    261       0.00357       0.00336      1.06429  5.47s
    262       0.00358       0.00335      1.06997  5.52s
    263       0.00357       0.00334      1.06989  5.50s
    264       0.00356       0.00335      1.06299  5.53s
    265       0.00355       0.00333      1.06851  5.48s
    266       0.00353       0.00331      1.06866  5.54s
    267       0.00353       0.00332      1.06087  5.48s
    268       0.00351       0.00331      1.06018  5.51s
    269       0.00352       0.00330      1.06648  5.48s
    270       0.00352       0.00330      1.06598  5.39s
    271       0.00351       0.00328      1.06877  5.51s
    272       0.00350       0.00328      1.06828  5.51s
    273       0.00349       0.00326      1.07196  5.52s
    274       0.00348       0.00327      1.06240  5.48s
    275       0.00349       0.00326      1.06973  5.54s
    276       0.00348       0.00325      1.07056  5.48s
    277       0.00345       0.00323      1.06619  5.36s
    278       0.00345       0.00322      1.07067  5.49s
    279       0.00345       0.00322      1.07224  5.46s
    280       0.00345       0.00322      1.07156  5.56s
    281       0.00344       0.00319      1.07988  5.50s
    282       0.00344       0.00319      1.07822  5.50s
    283       0.00343       0.00318      1.07857  5.47s
    284       0.00340       0.00317      1.07152  5.38s
    285       0.00341       0.00316      1.07998  5.46s
    286       0.00341       0.00317      1.07705  5.43s
    287       0.00339       0.00315      1.07811  5.41s
    288       0.00338       0.00315      1.07086  5.39s
    289       0.00338       0.00314      1.07667  5.45s
    290       0.00338       0.00312      1.08177  5.42s
    291       0.00338       0.00312      1.08223  5.46s
    292       0.00337       0.00310      1.08812  5.49s
    293       0.00335       0.00309      1.08476  5.49s
    294       0.00335       0.00310      1.08065  5.47s
    295       0.00333       0.00307      1.08489  5.39s
    296       0.00332       0.00307      1.08148  5.41s
    297       0.00335       0.00305      1.09617  5.45s
    298       0.00333       0.00307      1.08400  5.35s
    299       0.00334       0.00304      1.09668  5.44s
    300       0.00330       0.00304      1.08804  5.46s
    301       0.00330       0.00304      1.08713  5.50s
    302       0.00330       0.00302      1.09125  5.40s
    303       0.00330       0.00300      1.09853  5.39s
    304       0.00326       0.00302      1.08163  5.46s
    305       0.00326       0.00301      1.08279  5.53s
    306       0.00326       0.00300      1.08637  5.37s
    307       0.00326       0.00301      1.08259  5.43s
    308       0.00324       0.00298      1.08660  5.41s
    309       0.00324       0.00294      1.10011  5.43s
    310       0.00326       0.00297      1.09832  5.37s
    311       0.00323       0.00295      1.09479  5.51s
    312       0.00322       0.00294      1.09362  5.40s
    313       0.00322       0.00294      1.09438  5.45s
    314       0.00318       0.00293      1.08466  5.41s
    315       0.00322       0.00292      1.10328  5.42s
    316       0.00320       0.00292      1.09635  5.41s
    317       0.00318       0.00291      1.09169  5.33s
    318       0.00319       0.00290      1.09678  5.43s
    319       0.00318       0.00290      1.09342  5.43s
    320       0.00315       0.00289      1.08927  5.52s
    321       0.00317       0.00286      1.10655  5.64s
    322       0.00319       0.00287      1.10925  5.68s
    323       0.00313       0.00287      1.09191  5.67s
    324       0.00313       0.00285      1.09944  5.56s
    325       0.00313       0.00285      1.09811  5.56s
    326       0.00314       0.00284      1.10570  5.47s
    327       0.00313       0.00283      1.10361  5.47s
    328       0.00311       0.00284      1.09502  5.48s
    329       0.00312       0.00281      1.10743  5.75s
    330       0.00309       0.00280      1.10322  5.70s
    331       0.00310       0.00281      1.10483  5.68s
    332       0.00312       0.00281      1.10912  5.58s
    333       0.00308       0.00279      1.10397  5.56s
    334       0.00307       0.00279      1.10137  5.45s
    335       0.00307       0.00276      1.11243  5.57s
    336       0.00306       0.00276      1.10580  5.56s
    337       0.00307       0.00276      1.11231  5.73s
    338       0.00306       0.00275      1.11147  5.60s
    339       0.00304       0.00275      1.10475  5.76s
    340       0.00303       0.00274      1.10735  5.61s
    341       0.00301       0.00273      1.09999  5.53s
    342       0.00305       0.00273      1.11671  5.59s
    343       0.00302       0.00273      1.10616  5.50s
    344       0.00303       0.00272      1.11520  5.45s
    345       0.00300       0.00271      1.10637  5.47s
    346       0.00300       0.00270      1.10953  5.44s
    347       0.00299       0.00270      1.11069  5.46s
    348       0.00299       0.00270      1.11001  5.50s
    349       0.00299       0.00271      1.10552  5.53s
    350       0.00299       0.00268      1.11734  5.55s
    351       0.00299       0.00267      1.11825  5.55s
    352       0.00296       0.00267      1.10747  5.67s
    353       0.00297       0.00265      1.11997  5.59s
    354       0.00297       0.00265      1.11894  5.57s
    355       0.00294       0.00266      1.10587  5.53s
    356       0.00296       0.00263      1.12583  5.47s
    357       0.00297       0.00265      1.12069  5.54s
    358       0.00294       0.00263      1.11960  5.48s
    359       0.00292       0.00263      1.11019  5.44s
    360       0.00290       0.00262      1.10680  5.43s
    361       0.00291       0.00260      1.11901  5.44s
    362       0.00290       0.00261      1.11419  5.49s
    363       0.00291       0.00261      1.11422  5.48s
    364       0.00290       0.00260      1.11278  5.52s
    365       0.00287       0.00260      1.10535  5.73s
    366       0.00288       0.00259      1.11224  5.58s
    367       0.00289       0.00259      1.11686  5.48s
    368       0.00286       0.00257      1.11320  5.51s
    369       0.00285       0.00257      1.10817  5.52s
    370       0.00289       0.00256      1.13075  5.45s
    371       0.00286       0.00255      1.12413  5.46s
    372       0.00287       0.00254      1.12891  5.47s
    373       0.00287       0.00255      1.12520  5.48s
    374       0.00284       0.00255      1.11616  5.48s
    375       0.00286       0.00255      1.12155  5.45s
    376       0.00284       0.00255      1.11550  5.47s
    377       0.00283       0.00253      1.11638  5.39s
    378       0.00282       0.00253      1.11507  5.41s
    379       0.00282       0.00253      1.11357  5.47s
    380       0.00282       0.00251      1.12641  5.54s
    381       0.00282       0.00251      1.12627  5.48s
    382       0.00281       0.00252      1.11754  5.49s
    383       0.00283       0.00252      1.12386  5.49s
    384       0.00280       0.00247      1.13234  5.47s
    385       0.00279       0.00251      1.11233  5.46s
    386       0.00279       0.00249      1.11941  5.49s
    387       0.00278       0.00249      1.11588  5.50s
    388       0.00278       0.00249      1.11613  5.45s
    389       0.00280       0.00249      1.12740  5.48s
    390       0.00277       0.00247      1.12402  5.51s
    391       0.00278       0.00247      1.12533  5.50s
    392       0.00276       0.00247      1.11968  5.56s
    393       0.00277       0.00248      1.11756  5.49s
    394       0.00273       0.00244      1.12096  5.41s
    395       0.00275       0.00247      1.11340  5.41s
    396       0.00276       0.00244      1.13189  5.48s
    397       0.00274       0.00243      1.12817  5.46s
    398       0.00273       0.00243      1.12315  5.53s
    399       0.00274       0.00244      1.12160  5.49s
    400       0.00275       0.00242      1.13687  5.47s
    401       0.00272       0.00241      1.13186  5.51s
    402       0.00271       0.00240      1.12885  5.55s
    403       0.00270       0.00241      1.11744  5.44s
    404       0.00273       0.00239      1.14219  5.39s
    405       0.00271       0.00242      1.11929  5.43s
    406       0.00271       0.00240      1.12789  5.31s
    407       0.00272       0.00240      1.13623  5.41s
    408       0.00268       0.00241      1.11415  5.39s
    409       0.00270       0.00238      1.13640  5.43s
    410       0.00268       0.00239      1.12239  5.43s
    411       0.00265       0.00238      1.11014  5.42s
    412       0.00268       0.00237      1.13121  5.41s
    413       0.00266       0.00236      1.12753  5.34s
    414       0.00264       0.00237      1.11568  5.42s
    415       0.00272       0.00237      1.14977  5.43s
    416       0.00267       0.00234      1.13793  5.36s
    417       0.00266       0.00237      1.12420  5.43s
    418       0.00265       0.00234      1.13180  5.43s
    419       0.00265       0.00235      1.12668  5.43s
    420       0.00265       0.00235      1.12685  5.43s
    421       0.00265       0.00234      1.13180  5.42s
    422       0.00266       0.00234      1.13914  5.43s
    423       0.00265       0.00235      1.12473  5.44s
    424       0.00263       0.00234      1.12671  5.43s
    425       0.00262       0.00233      1.12372  5.44s
    426       0.00265       0.00233      1.13797  5.43s
    427       0.00262       0.00233      1.12361  5.41s
    428       0.00263       0.00232      1.13370  5.44s
    429       0.00262       0.00232      1.12927  5.47s
    430       0.00263       0.00231      1.14023  5.41s
    431       0.00261       0.00233      1.11740  5.49s
    432       0.00262       0.00230      1.13902  5.48s
    433       0.00261       0.00230      1.13336  5.46s
    434       0.00259       0.00230      1.12380  5.47s
    435       0.00258       0.00229      1.12523  5.48s
    436       0.00260       0.00230      1.13329  5.43s
    437       0.00260       0.00229      1.13777  5.47s
    438       0.00259       0.00229      1.13093  5.41s
    439       0.00260       0.00228      1.13905  5.44s
    440       0.00260       0.00228      1.14331  5.50s
    441       0.00257       0.00227      1.13226  5.47s
    442       0.00257       0.00227      1.13225  5.49s
    443       0.00256       0.00227      1.12868  5.51s
    444       0.00257       0.00227      1.13305  5.41s
    445       0.00255       0.00227      1.12187  5.43s
    446       0.00257       0.00226      1.13602  5.46s
    447       0.00256       0.00226      1.13490  5.51s
    448       0.00259       0.00225      1.14812  5.43s
    449       0.00254       0.00225      1.12961  5.45s
    450       0.00254       0.00225      1.12823  5.46s
    451       0.00258       0.00225      1.14864  5.51s
    452       0.00257       0.00223      1.15230  5.44s
    453       0.00255       0.00226      1.12804  5.37s
    454       0.00253       0.00225      1.12523  5.41s
    455       0.00254       0.00224      1.13623  5.41s
    456       0.00253       0.00224      1.12986  5.43s
    457       0.00254       0.00223      1.14020  5.45s
    458       0.00252       0.00224      1.12583  5.49s
    459       0.00252       0.00222      1.13544  5.50s
    460       0.00255       0.00222      1.14481  5.49s
    461       0.00253       0.00222      1.13857  5.43s
    462       0.00252       0.00221      1.13985  5.51s
    463       0.00256       0.00222      1.15105  5.46s
    464       0.00253       0.00221      1.14285  5.49s
    465       0.00253       0.00221      1.14643  5.48s
    466       0.00253       0.00220      1.14767  5.48s
    467       0.00249       0.00220      1.12811  5.42s
    468       0.00250       0.00221      1.13103  5.48s
    469       0.00252       0.00219      1.14914  5.47s
    470       0.00251       0.00220      1.14003  5.48s
    471       0.00248       0.00219      1.13386  5.42s
    472       0.00248       0.00218      1.13948  5.50s
    473       0.00250       0.00218      1.14474  5.51s
    474       0.00248       0.00219      1.13206  5.49s
    475       0.00251       0.00220      1.14017  5.50s
    476       0.00247       0.00217      1.13895  5.49s
    477       0.00247       0.00217      1.13943  5.47s
    478       0.00248       0.00219      1.13673  5.51s
    479       0.00248       0.00218      1.13925  5.42s
    480       0.00246       0.00218      1.12959  5.46s
    481       0.00247       0.00217      1.13843  5.50s
    482       0.00249       0.00217      1.14914  5.48s
    483       0.00245       0.00215      1.14424  5.39s
    484       0.00247       0.00215      1.14962  5.51s
    485       0.00247       0.00217      1.13846  5.49s
    486       0.00247       0.00216      1.14625  5.52s
    487       0.00243       0.00216      1.12242  5.47s
    488       0.00248       0.00215      1.15637  5.41s
    489       0.00247       0.00216      1.14499  5.39s
    490       0.00245       0.00214      1.14413  5.44s
    491       0.00246       0.00217      1.13320  5.47s
    492       0.00244       0.00214      1.14140  5.50s
    493       0.00243       0.00215      1.13041  5.49s
    494       0.00242       0.00214      1.13112  5.47s
    495       0.00246       0.00214      1.15153  5.47s
    496       0.00243       0.00214      1.13771  5.45s
    497       0.00245       0.00214      1.14442  5.47s
    498       0.00242       0.00212      1.13755  5.44s
    499       0.00244       0.00213      1.14605  5.50s
    500       0.00243       0.00213      1.13955  5.48s
    501       0.00243       0.00213      1.14158  5.45s
    502       0.00240       0.00212      1.13170  5.49s
    503       0.00243       0.00213      1.14212  5.53s
    504       0.00240       0.00211      1.13521  5.53s
    505       0.00242       0.00210      1.15151  5.53s
    506       0.00241       0.00212      1.13487  5.45s
    507       0.00241       0.00211      1.14266  5.53s
    508       0.00238       0.00211      1.12987  5.52s
    509       0.00242       0.00211      1.14838  5.60s
    510       0.00238       0.00209      1.13735  5.63s
    511       0.00240       0.00210      1.14141  5.64s
    512       0.00241       0.00210      1.14656  5.67s
    513       0.00237       0.00210      1.13150  5.80s
    514       0.00241       0.00210      1.14530  5.69s
    515       0.00240       0.00209      1.14664  5.61s
    516       0.00239       0.00211      1.13186  5.50s
    517       0.00237       0.00209      1.13521  5.46s
    518       0.00239       0.00209      1.14761  5.49s
    519       0.00239       0.00208      1.15333  5.47s
    520       0.00239       0.00208      1.14789  5.48s
    521       0.00240       0.00209      1.14710  5.47s
    522       0.00239       0.00207      1.15328  5.48s
    523       0.00239       0.00208      1.14606  5.53s
    524       0.00239       0.00208      1.14923  5.44s
    525       0.00238       0.00207      1.15053  5.46s
    526       0.00235       0.00207      1.13365  5.53s
    527       0.00239       0.00208      1.14838  5.53s
    528       0.00237       0.00205      1.15133  5.54s
    529       0.00236       0.00207      1.14134  5.48s
    530       0.00236       0.00206      1.14995  5.41s
    531       0.00238       0.00206      1.15284  5.41s
    532       0.00235       0.00206      1.13813  5.43s
    533       0.00235       0.00206      1.14407  5.38s
    534       0.00234       0.00206      1.13308  5.42s
    535       0.00236       0.00205      1.14894  5.42s
    536       0.00234       0.00206      1.13326  5.38s
    537       0.00234       0.00205      1.14314  5.45s
    538       0.00233       0.00205      1.13986  5.45s
    539       0.00234       0.00206      1.13452  5.41s
    540       0.00233       0.00204      1.14405  5.41s
    541       0.00234       0.00204      1.14248  5.43s
    542       0.00232       0.00204      1.13725  5.49s
    543       0.00234       0.00202      1.15747  5.44s
    544       0.00233       0.00204      1.14526  5.56s
    545       0.00230       0.00203      1.13329  5.64s
    546       0.00230       0.00204      1.12803  5.49s
    547       0.00234       0.00203      1.15365  5.41s
    548       0.00232       0.00203      1.14594  5.49s
    549       0.00232       0.00203      1.14336  5.50s
    550       0.00233       0.00202      1.15014  5.47s
    551       0.00232       0.00202      1.14692  5.47s
    552       0.00233       0.00202      1.15638  5.51s
    553       0.00231       0.00202      1.14425  5.50s
    554       0.00231       0.00201      1.15005  5.47s
    555       0.00231       0.00202      1.14488  5.48s
    556       0.00230       0.00201      1.14244  5.45s
    557       0.00231       0.00202      1.14062  5.51s
    558       0.00231       0.00200      1.15412  5.45s
    559       0.00229       0.00202      1.13087  5.50s
    560       0.00230       0.00201      1.14462  5.68s
    561       0.00233       0.00201      1.15987  5.74s
    562       0.00230       0.00201      1.14332  5.67s
    563       0.00229       0.00200      1.14885  5.45s
    564       0.00229       0.00201      1.14036  5.43s
    565       0.00226       0.00200      1.13514  5.50s
    566       0.00228       0.00200      1.13883  5.47s
    567       0.00228       0.00198      1.14816  5.58s
    568       0.00229       0.00198      1.15394  5.61s
    569       0.00228       0.00198      1.15097  5.56s
    570       0.00228       0.00198      1.14877  5.57s
    571       0.00231       0.00199      1.15762  5.52s
    572       0.00227       0.00199      1.14235  5.52s
    573       0.00229       0.00199      1.14937  5.49s
    574       0.00226       0.00197      1.14572  5.45s
    575       0.00228       0.00197      1.15683  5.54s
    576       0.00228       0.00198      1.15087  5.49s
    577       0.00225       0.00197      1.14140  5.51s
    578       0.00226       0.00197      1.14464  5.48s
    579       0.00226       0.00197      1.14523  5.50s
    580       0.00226       0.00199      1.13529  5.55s
    581       0.00227       0.00197      1.15237  5.53s
    582       0.00229       0.00197      1.16552  5.53s
    583       0.00227       0.00197      1.15379  5.46s
    584       0.00225       0.00197      1.13888  5.43s
    585       0.00226       0.00197      1.15044  5.42s
    586       0.00226       0.00197      1.14784  5.42s
    587       0.00224       0.00195      1.14937  5.44s
    588       0.00227       0.00197      1.15350  5.43s
    589       0.00225       0.00195      1.15343  5.53s
    590       0.00224       0.00195      1.14953  5.44s
    591       0.00227       0.00196      1.15528  5.44s
    592       0.00224       0.00195      1.15006  5.44s
    593       0.00223       0.00195      1.14277  5.43s
    594       0.00225       0.00194      1.15537  5.46s
    595       0.00222       0.00196      1.13722  5.46s
    596       0.00224       0.00193      1.15830  5.51s
    597       0.00224       0.00194      1.15401  5.45s
    598       0.00223       0.00193      1.15111  5.43s
    599       0.00223       0.00194      1.14996  5.44s
    600       0.00224       0.00194      1.15510  5.45s
    601       0.00222       0.00194      1.14204  5.41s
    602       0.00223       0.00194      1.15399  5.46s
    603       0.00223       0.00195      1.14276  5.53s
    604       0.00221       0.00194      1.13986  5.46s
    605       0.00223       0.00194      1.15218  5.43s
    606       0.00225       0.00192      1.17300  5.42s
    607       0.00225       0.00194      1.15960  5.42s
    608       0.00222       0.00192      1.15593  5.40s
    609       0.00223       0.00193      1.15399  5.43s
    610       0.00223       0.00193      1.15942  5.49s
    611       0.00221       0.00193      1.14544  5.44s
    612       0.00219       0.00192      1.14251  5.45s
    613       0.00221       0.00193      1.14902  5.42s
    614       0.00222       0.00193      1.15317  5.46s
    615       0.00221       0.00193      1.14682  5.44s
    616       0.00222       0.00192      1.15569  5.42s
    617       0.00220       0.00190      1.15494  5.55s
    618       0.00220       0.00191      1.14982  5.45s
    619       0.00218       0.00191      1.14152  5.42s
    620       0.00220       0.00191      1.15192  5.47s
    621       0.00219       0.00191      1.14960  5.42s
    622       0.00220       0.00191      1.15267  5.44s
    623       0.00221       0.00191      1.16050  5.49s
    624       0.00217       0.00190      1.14510  5.48s
    625       0.00217       0.00190      1.14063  5.50s
    626       0.00219       0.00191      1.14895  5.41s
    627       0.00220       0.00189      1.16217  5.44s
    628       0.00218       0.00190      1.14723  5.47s
    629       0.00222       0.00191      1.15956  5.41s
    630       0.00220       0.00189      1.16209  5.44s
    631       0.00219       0.00190      1.15602  5.52s
    632       0.00217       0.00190      1.14072  5.46s
    633       0.00219       0.00189      1.15671  5.45s
    634       0.00218       0.00188      1.15921  5.45s
    635       0.00216       0.00191      1.13332  5.44s
    636       0.00219       0.00188      1.16161  5.46s
    637       0.00217       0.00188      1.15638  5.44s
    638       0.00218       0.00189      1.14983  5.51s
    639       0.00218       0.00188      1.15873  5.47s
    640       0.00216       0.00188      1.14426  5.46s
    641       0.00218       0.00188      1.15954  5.44s
    642       0.00217       0.00188      1.15176  5.45s
    643       0.00215       0.00187      1.15042  5.47s
    644       0.00216       0.00188      1.14594  5.47s
    645       0.00218       0.00187      1.16366  5.48s
    646       0.00214       0.00188      1.14047  5.46s
    647       0.00217       0.00186      1.16874  5.45s
    648       0.00215       0.00187      1.14784  5.44s
    649       0.00214       0.00187      1.14538  5.42s
    650       0.00216       0.00185      1.16633  5.45s
    651       0.00214       0.00187      1.14258  5.49s
    652       0.00216       0.00186      1.16319  5.51s
    653       0.00215       0.00186      1.15321  5.46s
    654       0.00215       0.00186      1.15266  5.44s
    655       0.00214       0.00186      1.14922  5.46s
    656       0.00213       0.00185      1.15302  5.47s
    657       0.00213       0.00185      1.15118  5.45s
    658       0.00215       0.00184      1.16526  5.49s
    659       0.00214       0.00186      1.15241  5.48s
    660       0.00214       0.00186      1.15225  5.44s
    661       0.00213       0.00184      1.15778  5.48s
    662       0.00214       0.00185      1.15233  5.42s
    663       0.00213       0.00185      1.15257  5.47s
    664       0.00213       0.00185      1.15350  5.56s
    665       0.00212       0.00186      1.14213  5.49s
    666       0.00214       0.00185      1.15891  5.50s
    667       0.00212       0.00185      1.14825  5.47s
    668       0.00213       0.00184      1.15629  5.44s
    669       0.00211       0.00184      1.14722  5.47s
    670       0.00210       0.00184      1.13836  5.46s
    671       0.00212       0.00183      1.16025  5.45s
    672       0.00213       0.00183      1.16239  5.45s
    673       0.00212       0.00184      1.14928  5.56s
    674       0.00210       0.00184      1.14592  5.44s
    675       0.00214       0.00184      1.15995  5.49s
    676       0.00212       0.00184      1.15521  5.47s
    677       0.00213       0.00183      1.16275  5.51s
    678       0.00211       0.00183      1.15159  5.46s
    679       0.00212       0.00182      1.16342  5.44s
    680       0.00209       0.00183      1.14010  5.49s
    681       0.00209       0.00182      1.14485  5.45s
    682       0.00212       0.00182      1.16003  5.43s
    683       0.00211       0.00183      1.15173  5.43s
    684       0.00211       0.00182      1.15819  5.45s
    685       0.00210       0.00182      1.15437  5.34s
    686       0.00209       0.00181      1.15294  5.48s
    687       0.00210       0.00181      1.16028  5.49s
    688       0.00209       0.00181      1.15202  5.47s
    689       0.00208       0.00182      1.14670  5.45s
    690       0.00211       0.00182      1.16109  5.42s
    691       0.00209       0.00181      1.15351  5.48s
    692       0.00211       0.00182      1.15919  5.45s
    693       0.00209       0.00181      1.15692  5.45s
    694       0.00212       0.00181      1.17242  5.48s
    695       0.00208       0.00181      1.14931  5.48s
    696       0.00208       0.00180      1.15251  5.43s
    697       0.00210       0.00180      1.16269  5.45s
    698       0.00207       0.00180      1.15372  5.41s
    699       0.00209       0.00181      1.15750  5.41s
    700       0.00208       0.00180      1.15854  5.47s
    701       0.00210       0.00180      1.16722  5.53s
    702       0.00205       0.00180      1.13753  5.52s
    703       0.00208       0.00178      1.16512  5.44s
    704       0.00207       0.00179      1.15556  5.45s
    705       0.00209       0.00179      1.16565  5.51s
    706       0.00206       0.00180      1.14444  5.63s
    707       0.00206       0.00179      1.14997  5.62s
    708       0.00209       0.00179      1.16811  5.54s
    709       0.00206       0.00180      1.14719  5.47s
    710       0.00209       0.00179      1.16475  5.45s
    711       0.00207       0.00180      1.14873  5.45s
    712       0.00207       0.00180      1.15501  5.46s
    713       0.00207       0.00178      1.16102  5.45s
    714       0.00205       0.00178      1.15197  5.46s
    715       0.00205       0.00179      1.14886  5.53s
    716       0.00205       0.00178      1.15363  5.45s
    717       0.00206       0.00178      1.15390  5.41s
    718       0.00207       0.00178      1.16371  5.43s
    719       0.00205       0.00178      1.15675  5.45s
    720       0.00206       0.00178      1.16016  5.44s
    721       0.00206       0.00177      1.16033  5.46s
    722       0.00206       0.00178      1.15406  5.48s
    723       0.00205       0.00176      1.16684  5.47s
    724       0.00207       0.00178      1.16361  5.48s
    725       0.00205       0.00177      1.16220  5.42s
    726       0.00204       0.00177      1.15442  5.46s
    727       0.00206       0.00176      1.16878  5.45s
    728       0.00207       0.00177      1.17237  5.44s
    729       0.00206       0.00177      1.16683  5.51s
    730       0.00204       0.00177      1.15321  5.47s
    731       0.00206       0.00176      1.16874  5.45s
    732       0.00202       0.00176      1.14907  5.42s
    733       0.00202       0.00176      1.14524  5.46s
    734       0.00203       0.00175      1.15734  5.41s
    735       0.00202       0.00176      1.15193  5.51s
    736       0.00204       0.00177      1.15299  5.53s
    737       0.00204       0.00176      1.16352  5.45s
    738       0.00204       0.00175      1.16091  5.46s
    739       0.00202       0.00175      1.15816  5.46s
    740       0.00205       0.00176      1.16892  5.43s
    741       0.00202       0.00174      1.15710  5.49s
    742       0.00204       0.00176      1.15742  5.47s
    743       0.00202       0.00174      1.16243  5.44s
    744       0.00203       0.00175      1.15824  5.50s
    745       0.00202       0.00174      1.16468  5.44s
    746       0.00203       0.00177      1.15069  5.43s
    747       0.00202       0.00175      1.15513  5.43s
    748       0.00202       0.00175      1.15277  5.45s
    749       0.00200       0.00174      1.14987  5.46s
    750       0.00204       0.00175      1.16631  5.51s
    751       0.00203       0.00174      1.16435  5.50s
    752       0.00202       0.00174      1.16152  5.49s
    753       0.00202       0.00174      1.16204  5.47s
    754       0.00202       0.00176      1.14938  5.42s
    755       0.00202       0.00173      1.16650  5.42s
    756       0.00201       0.00174      1.15334  5.44s
    757       0.00203       0.00173      1.17472  5.51s
    758       0.00203       0.00175      1.16170  5.51s
    759       0.00202       0.00173      1.16714  5.45s
    760       0.00201       0.00173      1.15660  5.47s
    761       0.00202       0.00173      1.17045  5.64s
    762       0.00201       0.00173      1.16227  5.61s
    763       0.00202       0.00173      1.16925  5.50s
    764       0.00201       0.00172      1.16956  5.49s
    765       0.00199       0.00173      1.14735  5.45s
    766       0.00199       0.00173      1.15147  5.46s
    767       0.00201       0.00173      1.16282  5.48s
    768       0.00201       0.00172      1.16806  5.48s
    769       0.00199       0.00172      1.16000  5.47s
    770       0.00200       0.00173      1.15200  5.45s
    771       0.00198       0.00171      1.15953  5.46s
    772       0.00202       0.00172      1.17539  5.49s
    773       0.00200       0.00171      1.16632  5.41s
    774       0.00199       0.00172      1.15354  5.45s
    775       0.00200       0.00172      1.16030  5.40s
    776       0.00199       0.00171      1.16179  5.43s
    777       0.00199       0.00172      1.15545  5.41s
    778       0.00198       0.00171      1.15171  5.43s
    779       0.00197       0.00171      1.15084  5.47s
    780       0.00198       0.00172      1.15220  5.45s
    781       0.00196       0.00172      1.14038  5.41s
    782       0.00199       0.00171      1.16391  5.44s
    783       0.00198       0.00171      1.15744  5.44s
    784       0.00199       0.00171      1.16406  5.43s
    785       0.00199       0.00170      1.16901  5.46s
    786       0.00198       0.00171      1.16038  5.42s
    787       0.00196       0.00170      1.14816  5.45s
    788       0.00198       0.00170      1.16951  5.42s
    789       0.00198       0.00170      1.16257  5.42s
    790       0.00199       0.00170      1.17285  5.44s
    791       0.00197       0.00171      1.15084  5.44s
    792       0.00198       0.00170      1.16129  5.44s
    793       0.00199       0.00169      1.17319  5.48s
    794       0.00198       0.00171      1.15889  5.44s
    795       0.00197       0.00169      1.16764  5.44s
    796       0.00197       0.00170      1.16160  5.43s
    797       0.00199       0.00170      1.17205  5.45s
    798       0.00198       0.00169      1.16837  5.44s
    799       0.00196       0.00169      1.16189  5.46s
    800       0.00196       0.00169      1.16117  5.43s
    801       0.00197       0.00169      1.16632  5.47s
    802       0.00196       0.00170      1.15884  5.41s
    803       0.00195       0.00169      1.15284  5.42s
    804       0.00197       0.00169      1.16267  5.43s
    805       0.00196       0.00169      1.16223  5.42s
    806       0.00197       0.00169      1.16408  5.42s
    807       0.00194       0.00169      1.15102  5.44s
    808       0.00195       0.00169      1.15681  5.45s
    809       0.00197       0.00168      1.17506  5.39s
    810       0.00194       0.00168      1.15690  5.45s
    811       0.00196       0.00169      1.16115  5.43s
    812       0.00196       0.00168      1.17142  5.45s
    813       0.00197       0.00168      1.16923  5.45s
    814       0.00197       0.00169      1.16819  5.42s
    815       0.00194       0.00168      1.15295  5.45s
    816       0.00195       0.00168      1.16322  5.43s
    817       0.00195       0.00169      1.15361  5.44s
    818       0.00195       0.00167      1.16323  5.46s
    819       0.00194       0.00167      1.16051  5.42s
    820       0.00194       0.00167      1.16099  5.43s
    821       0.00194       0.00167      1.15975  5.46s
    822       0.00195       0.00167      1.16641  5.42s
    823       0.00194       0.00169      1.15127  5.42s
    824       0.00194       0.00166      1.16700  5.47s
    825       0.00195       0.00167      1.16278  5.44s
    826       0.00190       0.00167      1.14046  5.46s
    827       0.00193       0.00166      1.16168  5.44s
    828       0.00194       0.00167      1.16641  5.42s
    829       0.00193       0.00166      1.16346  5.44s
    830       0.00192       0.00167      1.14948  5.44s
    831       0.00192       0.00166      1.15730  5.41s
    832       0.00192       0.00167      1.14994  5.45s
    833       0.00193       0.00165      1.16676  5.41s
    834       0.00194       0.00166      1.16630  5.44s
    835       0.00194       0.00166      1.16911  5.43s
    836       0.00190       0.00166      1.14525  5.40s
    837       0.00195       0.00165      1.17821  5.43s
    838       0.00192       0.00167      1.14885  5.43s
    839       0.00194       0.00165      1.17707  5.42s
    840       0.00193       0.00167      1.15847  5.45s
    841       0.00193       0.00165      1.16742  5.45s
    842       0.00192       0.00166      1.15744  5.43s
    843       0.00191       0.00165      1.15741  5.44s
    844       0.00190       0.00165      1.14933  5.48s
    845       0.00191       0.00165      1.15574  5.48s
    846       0.00190       0.00164      1.15754  5.42s
    847       0.00192       0.00165      1.16263  5.44s
    848       0.00192       0.00165      1.16532  5.46s
    849       0.00192       0.00166      1.15576  5.42s
    850       0.00192       0.00165      1.16178  5.44s
    851       0.00190       0.00165      1.15407  5.45s
    852       0.00192       0.00165      1.16455  5.42s
    853       0.00191       0.00164      1.16297  5.44s
    854       0.00191       0.00164      1.16409  5.45s
    855       0.00190       0.00164      1.16193  5.43s
    856       0.00190       0.00164      1.15946  5.44s
    857       0.00190       0.00164      1.16137  5.47s
    858       0.00191       0.00164      1.16487  5.42s
    859       0.00190       0.00163      1.16887  5.45s
    860       0.00191       0.00164      1.16673  5.41s
    861       0.00191       0.00163      1.17134  5.41s
    862       0.00190       0.00164      1.15785  5.46s
    863       0.00189       0.00164      1.15290  5.43s
    864       0.00193       0.00165      1.16971  5.45s
    865       0.00191       0.00163      1.17433  5.47s
    866       0.00189       0.00163      1.15780  5.43s
    867       0.00189       0.00164      1.15390  5.40s
    868       0.00189       0.00164      1.15291  5.42s
    869       0.00192       0.00164      1.17344  5.44s
    870       0.00189       0.00164      1.15343  5.43s
    871       0.00189       0.00163      1.16081  5.44s
    872       0.00188       0.00163      1.15253  5.45s
    873       0.00189       0.00163      1.15780  5.45s
    874       0.00189       0.00162      1.16412  5.43s
    875       0.00190       0.00162      1.17216  5.42s
    876       0.00189       0.00163      1.15979  5.42s
    877       0.00188       0.00162      1.16153  5.43s
    878       0.00188       0.00162      1.15812  5.44s
    879       0.00190       0.00162      1.17043  5.46s
    880       0.00186       0.00163      1.14423  5.42s
    881       0.00191       0.00161      1.18111  5.41s
    882       0.00188       0.00163      1.15705  5.46s
    883       0.00188       0.00162      1.16353  5.43s
    884       0.00189       0.00163      1.16091  5.48s
    885       0.00187       0.00161      1.16208  5.42s
    886       0.00186       0.00162      1.15048  5.44s
    887       0.00188       0.00162      1.16360  5.44s
    888       0.00186       0.00161      1.15320  5.45s
    889       0.00188       0.00161      1.16482  5.43s
    890       0.00187       0.00161      1.15988  5.45s
    891       0.00189       0.00161      1.16937  5.40s
    892       0.00190       0.00162      1.17439  5.45s
    893       0.00188       0.00160      1.17345  5.38s
    894       0.00186       0.00161      1.16127  5.45s
    895       0.00188       0.00160      1.17185  5.48s
    896       0.00189       0.00161      1.17088  5.47s
    897       0.00189       0.00160      1.18041  5.41s
    898       0.00188       0.00160      1.17042  5.45s
    899       0.00187       0.00160      1.16850  5.45s
    900       0.00188       0.00160      1.17548  5.46s
    901       0.00187       0.00161      1.16131  5.49s
    902       0.00186       0.00161      1.16123  5.44s
    903       0.00189       0.00161      1.17332  5.42s
    904       0.00185       0.00160      1.15793  5.43s
    905       0.00183       0.00160      1.14441  5.57s
    906       0.00187       0.00159      1.17382  5.61s
    907       0.00187       0.00160      1.16977  5.47s
    908       0.00186       0.00160      1.16104  5.52s
    909       0.00186       0.00160      1.16150  5.49s
    910       0.00186       0.00160      1.16248  5.64s
    911       0.00189       0.00160      1.17788  5.62s
    912       0.00186       0.00160      1.16368  5.56s
    913       0.00185       0.00159      1.16256  5.51s
    914       0.00186       0.00159      1.16719  5.47s
    915       0.00184       0.00159      1.15714  5.44s
    916       0.00187       0.00159      1.17749  5.60s
    917       0.00185       0.00158      1.16431  5.45s
    918       0.00186       0.00160      1.16671  5.49s
    919       0.00186       0.00159      1.16813  5.50s
    920       0.00186       0.00159      1.16586  5.56s
    921       0.00185       0.00160      1.16225  5.54s
    922       0.00186       0.00159      1.16646  5.45s
    923       0.00184       0.00159      1.15490  5.59s
    924       0.00187       0.00158      1.17945  5.67s
    925       0.00183       0.00159      1.15156  5.54s
    926       0.00185       0.00158      1.16736  5.44s
    927       0.00186       0.00159      1.17068  5.43s
    928       0.00185       0.00158      1.17192  5.48s
    929       0.00183       0.00159      1.15463  5.41s
    930       0.00183       0.00158      1.15655  5.41s
    931       0.00185       0.00158      1.16985  5.33s
    932       0.00186       0.00158      1.17958  5.29s
    933       0.00184       0.00158      1.16246  5.41s
    934       0.00186       0.00158      1.17397  5.39s
    935       0.00185       0.00158      1.17148  5.40s
    936       0.00184       0.00158      1.16361  5.43s
    937       0.00185       0.00159      1.16418  5.45s
    938       0.00184       0.00158      1.17003  5.39s
    939       0.00183       0.00158      1.16133  5.44s
    940       0.00185       0.00157      1.17402  5.44s
    941       0.00183       0.00158      1.16453  5.43s
    942       0.00183       0.00157      1.16573  5.37s
    943       0.00181       0.00157      1.15047  5.44s
    944       0.00183       0.00157      1.16213  5.45s
    945       0.00183       0.00157      1.16267  5.44s
    946       0.00185       0.00158      1.17171  5.43s
    947       0.00184       0.00157      1.17504  5.45s
    948       0.00184       0.00158      1.16761  5.47s
    949       0.00183       0.00157      1.16646  5.39s
    950       0.00183       0.00157      1.16511  5.41s
    951       0.00182       0.00156      1.17023  5.42s
    952       0.00183       0.00157      1.16550  5.45s
    953       0.00183       0.00156      1.17470  5.39s
    954       0.00184       0.00156      1.17868  5.43s
    955       0.00181       0.00157      1.14961  5.43s
    956       0.00184       0.00156      1.17969  5.49s
    957       0.00180       0.00157      1.14844  5.47s
    958       0.00182       0.00156      1.16419  5.48s
    959       0.00182       0.00156      1.16301  5.47s
    960       0.00182       0.00157      1.16020  5.51s
    961       0.00182       0.00157      1.15978  5.47s
    962       0.00181       0.00156      1.16315  5.48s
    963       0.00182       0.00156      1.17147  5.53s
    964       0.00182       0.00157      1.16056  5.46s
    965       0.00183       0.00155      1.17440  5.50s
    966       0.00180       0.00156      1.15006  5.50s
    967       0.00180       0.00155      1.15607  5.48s
    968       0.00180       0.00156      1.15338  5.47s
    969       0.00180       0.00155      1.15947  5.51s
    970       0.00182       0.00155      1.17624  5.46s
    971       0.00181       0.00155      1.16638  5.50s
    972       0.00180       0.00155      1.15965  5.51s
    973       0.00181       0.00156      1.16265  5.46s
    974       0.00182       0.00155      1.17880  5.49s
    975       0.00181       0.00155      1.16945  5.53s
    976       0.00182       0.00156      1.16820  5.51s
    977       0.00183       0.00155      1.18627  5.50s
    978       0.00180       0.00156      1.15902  5.49s
    979       0.00178       0.00156      1.14504  5.50s
    980       0.00179       0.00155      1.15206  5.51s
    981       0.00180       0.00155      1.16356  5.45s
    982       0.00180       0.00154      1.16672  5.50s
    983       0.00181       0.00155      1.16961  5.50s
    984       0.00178       0.00154      1.15533  5.49s
    985       0.00179       0.00154      1.16264  5.50s
    986       0.00180       0.00154      1.17036  5.51s
    987       0.00181       0.00155      1.16676  5.46s
    988       0.00178       0.00154      1.15775  5.50s
    989       0.00178       0.00155      1.15059  5.44s
    990       0.00181       0.00155      1.16675  5.48s
    991       0.00179       0.00155      1.15603  5.41s
    992       0.00179       0.00154      1.16127  5.52s
    993       0.00180       0.00154      1.16404  5.60s
    994       0.00178       0.00154      1.15491  5.45s
    995       0.00180       0.00154      1.16844  5.43s
    996       0.00178       0.00153      1.16075  5.45s
    997       0.00180       0.00153      1.17075  5.50s
    998       0.00179       0.00154      1.16094  5.62s
    999       0.00178       0.00154      1.16009  5.74s
   1000       0.00179       0.00153      1.16657  5.64s
   1001       0.00179       0.00153      1.16851  5.51s
   1002       0.00177       0.00154      1.15194  5.51s
   1003       0.00180       0.00152      1.18012  5.46s
   1004       0.00179       0.00154      1.16674  5.47s
   1005       0.00179       0.00153      1.16687  5.45s
   1006       0.00177       0.00153      1.15902  5.51s
   1007       0.00180       0.00153      1.17567  5.53s
   1008       0.00178       0.00152      1.17291  5.51s
   1009       0.00179       0.00153      1.16537  5.42s
   1010       0.00177       0.00153      1.16138  5.41s
   1011       0.00177       0.00153      1.16122  5.44s
   1012       0.00179       0.00153      1.16568  5.44s
   1013       0.00177       0.00153      1.15799  5.43s
   1014       0.00180       0.00153      1.17660  5.43s
   1015       0.00179       0.00153      1.16935  5.43s
   1016       0.00178       0.00153      1.16679  5.42s
   1017       0.00179       0.00153      1.17592  5.43s
   1018       0.00178       0.00152      1.17158  5.44s
   1019       0.00180       0.00152      1.18259  5.47s
   1020       0.00176       0.00153      1.15185  5.44s
   1021       0.00179       0.00153      1.17375  5.47s
   1022       0.00177       0.00152      1.16141  5.48s
   1023       0.00178       0.00152      1.16770  5.50s
   1024       0.00179       0.00152      1.17387  5.44s
   1025       0.00180       0.00152      1.18511  5.52s
   1026       0.00178       0.00152      1.17433  5.43s
   1027       0.00178       0.00152      1.17044  5.51s
   1028       0.00178       0.00152      1.16986  5.51s
   1029       0.00180       0.00152      1.18478  5.48s
   1030       0.00178       0.00152      1.16453  5.46s
   1031       0.00179       0.00152      1.17375  5.47s
   1032       0.00177       0.00152      1.16929  5.38s
   1033       0.00178       0.00152      1.16955  5.53s
   1034       0.00175       0.00152      1.15083  5.49s
   1035       0.00175       0.00152      1.15394  5.40s
   1036       0.00175       0.00151      1.16420  5.38s
   1037       0.00178       0.00151      1.17751  5.41s
   1038       0.00176       0.00152      1.15581  5.43s
   1039       0.00178       0.00151      1.17331  5.41s
   1040       0.00177       0.00151      1.16987  5.39s
   1041       0.00174       0.00150      1.16111  5.42s
   1042       0.00177       0.00152      1.17051  5.37s
   1043       0.00176       0.00151      1.16816  5.38s
   1044       0.00176       0.00150      1.17371  5.40s
   1045       0.00175       0.00151      1.16186  5.37s
   1046       0.00177       0.00151      1.17194  5.42s
   1047       0.00176       0.00151      1.16482  5.47s
   1048       0.00177       0.00151      1.17744  5.45s
   1049       0.00176       0.00151      1.16714  5.51s
   1050       0.00176       0.00151      1.16435  5.43s
   1051       0.00176       0.00150      1.16916  5.49s
   1052       0.00174       0.00151      1.15159  5.51s
   1053       0.00174       0.00151      1.15076  5.49s
   1054       0.00177       0.00150      1.17832  5.50s
   1055       0.00175       0.00150      1.16811  5.54s
   1056       0.00176       0.00150      1.16995  5.49s
   1057       0.00176       0.00151      1.16868  5.49s
   1058       0.00174       0.00150      1.16181  5.51s
   1059       0.00174       0.00150      1.16411  5.53s
   1060       0.00174       0.00150      1.15646  5.51s
   1061       0.00173       0.00150      1.15560  5.51s
   1062       0.00176       0.00150      1.16835  5.47s
   1063       0.00174       0.00150      1.16252  5.49s
   1064       0.00176       0.00149      1.18183  5.49s
   1065       0.00175       0.00150      1.16892  5.47s
   1066       0.00173       0.00150      1.15315  5.47s
   1067       0.00175       0.00150      1.16812  5.48s
   1068       0.00174       0.00150      1.16370  5.51s
   1069       0.00173       0.00150      1.15766  5.51s
   1070       0.00176       0.00149      1.17995  5.47s
   1071       0.00175       0.00150      1.16528  5.47s
   1072       0.00175       0.00149      1.17448  5.51s
   1073       0.00173       0.00150      1.15243  5.45s
   1074       0.00176       0.00149      1.17969  5.48s
   1075       0.00173       0.00149      1.15965  5.44s
   1076       0.00174       0.00148      1.17093  5.45s
   1077       0.00172       0.00149      1.15374  5.47s
   1078       0.00174       0.00149      1.17027  5.43s
   1079       0.00175       0.00149      1.17071  5.42s
   1080       0.00174       0.00148      1.17266  5.49s
   1081       0.00174       0.00149      1.16968  5.51s
   1082       0.00173       0.00149      1.16434  5.50s
   1083       0.00173       0.00149      1.16165  5.53s
   1084       0.00173       0.00149      1.16471  5.48s
   1085       0.00174       0.00148      1.17060  5.43s
   1086       0.00172       0.00148      1.15664  5.51s
   1087       0.00172       0.00148      1.16185  5.49s
   1088       0.00174       0.00149      1.16690  5.48s
   1089       0.00176       0.00148      1.18826  5.34s
   1090       0.00173       0.00149      1.16069  5.48s
   1091       0.00173       0.00148      1.16840  5.46s
   1092       0.00173       0.00150      1.15733  5.51s
   1093       0.00175       0.00148      1.17978  5.51s
   1094       0.00174       0.00149      1.17071  5.45s
   1095       0.00172       0.00148      1.16123  5.45s
   1096       0.00173       0.00148      1.16442  5.42s
   1097       0.00172       0.00148      1.16167  5.39s
   1098       0.00174       0.00147      1.18185  5.44s
   1099       0.00173       0.00148      1.16525  5.35s
   1100       0.00171       0.00148      1.15645  5.38s
   1101       0.00172       0.00149      1.15730  5.39s
   1102       0.00173       0.00147      1.17246  5.53s
   1103       0.00172       0.00148      1.16676  5.47s
   1104       0.00170       0.00148      1.14662  5.51s
   1105       0.00174       0.00147      1.18065  5.46s
   1106       0.00171       0.00148      1.15124  5.46s
   1107       0.00173       0.00147      1.17973  5.59s
   1108       0.00171       0.00148      1.15529  5.52s
   1109       0.00172       0.00147      1.17255  5.49s
   1110       0.00174       0.00147      1.17698  5.54s
   1111       0.00172       0.00147      1.16687  5.52s
   1112       0.00170       0.00148      1.15386  5.46s
   1113       0.00170       0.00148      1.15311  5.48s
   1114       0.00171       0.00147      1.16238  5.46s
   1115       0.00173       0.00148      1.16695  5.48s
   1116       0.00171       0.00147      1.16119  5.49s
   1117       0.00171       0.00147      1.15914  5.50s
   1118       0.00170       0.00146      1.16263  5.39s
   1119       0.00170       0.00147      1.15418  5.42s
   1120       0.00172       0.00147      1.16878  5.50s
   1121       0.00171       0.00147      1.16228  5.49s
   1122       0.00169       0.00147      1.14873  5.44s
   1123       0.00170       0.00146      1.16515  5.46s
   1124       0.00170       0.00147      1.15421  5.41s
   1125       0.00170       0.00147      1.15336  5.48s
   1126       0.00170       0.00147      1.15556  5.48s
   1127       0.00173       0.00146      1.17855  5.51s
   1128       0.00171       0.00146      1.17032  5.53s
   1129       0.00172       0.00147      1.16995  5.57s
   1130       0.00171       0.00147      1.16494  5.55s
   1131       0.00171       0.00146      1.16748  5.47s
   1132       0.00170       0.00145      1.17156  5.51s
   1133       0.00172       0.00146      1.17407  5.51s
   1134       0.00172       0.00146      1.17808  5.49s
   1135       0.00172       0.00147      1.16977  5.47s
   1136       0.00170       0.00146      1.16484  5.49s
   1137       0.00171       0.00147      1.16265  5.51s
   1138       0.00169       0.00146      1.15573  5.41s
   1139       0.00166       0.00146      1.14035  5.41s
   1140       0.00168       0.00146      1.15262  5.36s
   1141       0.00173       0.00146      1.18765  5.46s
   1142       0.00169       0.00145      1.16147  5.48s
   1143       0.00169       0.00145      1.16151  5.46s
   1144       0.00170       0.00145      1.16939  5.48s
   1145       0.00170       0.00145      1.17255  5.50s
   1146       0.00170       0.00146      1.16959  5.47s
   1147       0.00170       0.00145      1.17040  5.48s
   1148       0.00168       0.00145      1.15654  5.47s
   1149       0.00170       0.00145      1.16668  5.51s
   1150       0.00170       0.00146      1.16783  5.44s
   1151       0.00169       0.00145      1.16247  5.36s
   1152       0.00170       0.00145      1.17429  5.44s
   1153       0.00171       0.00145      1.17772  5.48s
   1154       0.00168       0.00145      1.15934  5.49s
   1155       0.00168       0.00145      1.15650  5.49s
   1156       0.00168       0.00146      1.15608  5.47s
   1157       0.00169       0.00145      1.16400  5.45s
   1158       0.00170       0.00145      1.17074  5.50s
   1159       0.00168       0.00145      1.16187  5.50s
   1160       0.00169       0.00145      1.16374  5.37s
   1161       0.00170       0.00145      1.16588  5.38s
   1162       0.00168       0.00145      1.15733  5.48s
   1163       0.00167       0.00145      1.15548  5.36s
   1164       0.00169       0.00145      1.16715  5.45s
   1165       0.00170       0.00145      1.17258  5.46s
   1166       0.00167       0.00144      1.15717  5.48s
   1167       0.00168       0.00145      1.16258  5.50s
   1168       0.00170       0.00145      1.16922  5.48s
   1169       0.00169       0.00144      1.17523  5.48s
   1170       0.00167       0.00145      1.15573  5.51s
   1171       0.00167       0.00144      1.15869  5.49s
   1172       0.00168       0.00144      1.16590  5.45s
   1173       0.00169       0.00144      1.16969  5.42s
   1174       0.00169       0.00144      1.17457  5.52s
   1175       0.00168       0.00144      1.17074  5.50s
   1176       0.00168       0.00144      1.16914  5.48s
   1177       0.00167       0.00143      1.16396  5.43s
   1178       0.00168       0.00144      1.16510  5.56s
   1179       0.00168       0.00143      1.16945  5.60s
   1180       0.00166       0.00144      1.15329  5.55s
   1181       0.00168       0.00144      1.16636  5.56s
   1182       0.00169       0.00144      1.17144  5.50s
   1183       0.00168       0.00144      1.16869  5.48s
   1184       0.00170       0.00144      1.18179  5.46s
   1185       0.00168       0.00144      1.16552  5.50s
   1186       0.00168       0.00143      1.17569  5.59s
   1187       0.00167       0.00143      1.17186  5.52s
   1188       0.00166       0.00143      1.16015  5.55s
   1189       0.00168       0.00142      1.17757  5.54s
   1190       0.00166       0.00144      1.15179  5.52s
   1191       0.00166       0.00143      1.16183  5.50s
   1192       0.00168       0.00143      1.17074  5.52s
   1193       0.00168       0.00143      1.17725  5.51s
   1194       0.00167       0.00143      1.16623  5.43s
   1195       0.00167       0.00143      1.17074  5.46s
   1196       0.00168       0.00143      1.17674  5.51s
   1197       0.00165       0.00143      1.15964  5.49s
   1198       0.00171       0.00143      1.19332  5.44s
   1199       0.00168       0.00143      1.17194  5.45s
   1200       0.00167       0.00143      1.16400  5.44s
   1201       0.00166       0.00143      1.16342  5.49s
   1202       0.00167       0.00144      1.16191  5.46s
   1203       0.00168       0.00142      1.18116  5.46s
   1204       0.00170       0.00143      1.19184  5.45s
   1205       0.00165       0.00143      1.15628  5.49s
   1206       0.00165       0.00143      1.15527  5.47s
   1207       0.00167       0.00143      1.16699  5.50s
   1208       0.00168       0.00143      1.17400  5.48s
   1209       0.00168       0.00142      1.17875  5.50s
   1210       0.00166       0.00142      1.16665  5.48s
   1211       0.00165       0.00142      1.16574  5.55s
   1212       0.00166       0.00142      1.16907  5.56s
   1213       0.00167       0.00142      1.17235  5.44s
   1214       0.00166       0.00142      1.16707  5.41s
   1215       0.00167       0.00142      1.17674  5.39s
   1216       0.00165       0.00142      1.16296  5.40s
   1217       0.00165       0.00142      1.16498  5.44s
   1218       0.00167       0.00142      1.17504  5.50s
   1219       0.00165       0.00142      1.16103  5.53s
   1220       0.00166       0.00141      1.17708  5.45s
   1221       0.00167       0.00142      1.18157  5.46s
   1222       0.00164       0.00141      1.16211  5.50s
   1223       0.00165       0.00142      1.16621  5.50s
   1224       0.00166       0.00142      1.16448  5.45s
   1225       0.00166       0.00142      1.17332  5.53s
   1226       0.00165       0.00142      1.16226  5.57s
   1227       0.00165       0.00141      1.16951  5.50s
   1228       0.00164       0.00141      1.16506  5.44s
   1229       0.00165       0.00141      1.16762  5.53s
   1230       0.00163       0.00141      1.15245  5.53s
   1231       0.00164       0.00142      1.15982  5.66s
   1232       0.00165       0.00141      1.17186  5.57s
   1233       0.00166       0.00141      1.17104  5.49s
   1234       0.00165       0.00142      1.15988  5.46s
   1235       0.00163       0.00141      1.16006  5.49s
   1236       0.00166       0.00142      1.16612  5.61s
   1237       0.00163       0.00141      1.16204  5.57s
   1238       0.00163       0.00141      1.15829  5.44s
   1239       0.00165       0.00141      1.16756  5.42s
   1240       0.00165       0.00141      1.17263  5.49s
   1241       0.00164       0.00141      1.16885  5.50s
   1242       0.00164       0.00141      1.16550  5.46s
   1243       0.00163       0.00140      1.16124  5.44s
   1244       0.00165       0.00141      1.17093  5.51s
   1245       0.00165       0.00141      1.16834  5.50s
   1246       0.00164       0.00140      1.16738  5.54s
   1247       0.00163       0.00141      1.16204  5.51s
   1248       0.00165       0.00140      1.17493  5.48s
   1249       0.00164       0.00141      1.16265  5.51s
   1250       0.00165       0.00141      1.16568  5.49s
   1251       0.00164       0.00139      1.17617  5.47s
   1252       0.00164       0.00141      1.16749  5.53s
   1253       0.00167       0.00141      1.19132  5.49s
   1254       0.00163       0.00140      1.16677  5.51s
   1255       0.00166       0.00140      1.18611  5.49s
   1256       0.00164       0.00140      1.16813  5.42s
   1257       0.00162       0.00140      1.15998  5.48s
   1258       0.00164       0.00140      1.16418  5.49s
   1259       0.00164       0.00140      1.17039  5.50s
   1260       0.00165       0.00140      1.17738  5.55s
   1261       0.00163       0.00139      1.16655  5.54s
   1262       0.00164       0.00140      1.17393  5.54s
   1263       0.00165       0.00140      1.18347  5.53s
   1264       0.00165       0.00140      1.17753  5.57s
   1265       0.00164       0.00140      1.16967  5.50s
   1266       0.00163       0.00140      1.16998  5.42s
   1267       0.00161       0.00140      1.15315  5.46s
   1268       0.00163       0.00140      1.17080  5.49s
   1269       0.00164       0.00140      1.17456  5.49s
   1270       0.00165       0.00140      1.17899  5.40s
   1271       0.00163       0.00140      1.16572  5.45s
   1272       0.00164       0.00139      1.17327  5.44s
   1273       0.00165       0.00139      1.18549  5.47s
   1274       0.00162       0.00139      1.16739  5.46s
   1275       0.00161       0.00140      1.14997  5.45s
   1276       0.00163       0.00139      1.17118  5.48s
   1277       0.00162       0.00139      1.16026  5.48s
   1278       0.00162       0.00140      1.15782  5.47s
   1279       0.00161       0.00140      1.15448  5.50s
   1280       0.00163       0.00139      1.17160  5.50s
   1281       0.00163       0.00139      1.16761  5.47s
   1282       0.00164       0.00139      1.18463  5.52s
   1283       0.00163       0.00139      1.16604  5.49s
   1284       0.00162       0.00140      1.16290  5.49s
   1285       0.00162       0.00139      1.16818  5.48s
   1286       0.00162       0.00139      1.16710  5.47s
   1287       0.00162       0.00140      1.16299  5.50s
   1288       0.00162       0.00139      1.16437  5.46s
   1289       0.00161       0.00138      1.16585  5.47s
   1290       0.00163       0.00139      1.17305  5.44s
   1291       0.00163       0.00139      1.17958  5.42s
   1292       0.00160       0.00138      1.15901  5.45s
   1293       0.00161       0.00138      1.16781  5.49s
   1294       0.00162       0.00138      1.17482  5.48s
   1295       0.00162       0.00139      1.16826  5.49s
   1296       0.00162       0.00138      1.17117  5.48s
   1297       0.00163       0.00139      1.17327  5.47s
   1298       0.00164       0.00138      1.18126  5.51s
   1299       0.00162       0.00138      1.17304  5.48s
   1300       0.00162       0.00139      1.16812  5.46s
   1301       0.00162       0.00138      1.17151  5.47s
   1302       0.00163       0.00138      1.17709  5.51s
   1303       0.00162       0.00138      1.16740  5.46s
   1304       0.00161       0.00138      1.16825  5.43s
   1305       0.00161       0.00138      1.16765  5.47s
   1306       0.00162       0.00138      1.17533  5.49s
   1307       0.00160       0.00138      1.16461  5.49s
   1308       0.00162       0.00139      1.16912  5.48s
   1309       0.00162       0.00138      1.17375  5.50s
   1310       0.00164       0.00138      1.18096  5.48s
   1311       0.00160       0.00138      1.15651  5.48s
   1312       0.00162       0.00138      1.17379  5.42s
   1313       0.00159       0.00138      1.15282  5.45s
   1314       0.00160       0.00137      1.16472  5.45s
   1315       0.00159       0.00138      1.15114  5.43s
   1316       0.00162       0.00137      1.17770  5.49s
   1317       0.00162       0.00139      1.16946  5.38s
   1318       0.00161       0.00138      1.17120  5.50s
   1319       0.00160       0.00138      1.16106  5.42s
   1320       0.00161       0.00138      1.16451  5.48s
   1321       0.00159       0.00137      1.15611  5.48s
   1322       0.00162       0.00138      1.17219  5.42s
   1323       0.00163       0.00138      1.17959  5.45s
   1324       0.00160       0.00138      1.16230  5.48s
   1325       0.00159       0.00137      1.15745  5.27s
   1326       0.00160       0.00138      1.15796  5.39s
   1327       0.00160       0.00137      1.17011  5.49s
   1328       0.00162       0.00138      1.17433  5.45s
   1329       0.00159       0.00137      1.15653  5.50s
   1330       0.00161       0.00137      1.17617  5.47s
   1331       0.00159       0.00137      1.16091  5.51s
   1332       0.00158       0.00137      1.15056  5.49s
   1333       0.00161       0.00137      1.17521  5.48s
   1334       0.00159       0.00137      1.15924  5.38s
   1335       0.00160       0.00138      1.15790  5.51s
   1336       0.00160       0.00136      1.17490  5.49s
   1337       0.00158       0.00137      1.14992  5.47s
   1338       0.00158       0.00137      1.15407  5.48s
   1339       0.00161       0.00137      1.17657  5.50s
   1340       0.00161       0.00137      1.17447  5.50s
   1341       0.00159       0.00137      1.16175  5.48s
   1342       0.00159       0.00137      1.16282  5.49s
   1343       0.00159       0.00137      1.15497  5.48s
   1344       0.00159       0.00137      1.16235  5.49s
   1345       0.00160       0.00137      1.16260  5.48s
   1346       0.00159       0.00137      1.15727  5.43s
   1347       0.00158       0.00136      1.15740  5.42s
   1348       0.00159       0.00136      1.16365  5.45s
   1349       0.00162       0.00137      1.18479  5.47s
   1350       0.00161       0.00137      1.17725  5.48s
   1351       0.00160       0.00137      1.17183  5.50s
   1352       0.00160       0.00136      1.17203  5.48s
   1353       0.00158       0.00137      1.15642  5.48s
   1354       0.00161       0.00136      1.18346  5.48s
   1355       0.00159       0.00136      1.16336  5.50s
   1356       0.00161       0.00137      1.17712  5.46s
   1357       0.00159       0.00136      1.16818  5.49s
   1358       0.00160       0.00136      1.17575  5.35s
   1359       0.00159       0.00136      1.17394  5.48s
   1360       0.00159       0.00136      1.17448  5.49s
   1361       0.00158       0.00137      1.15643  5.48s
   1362       0.00160       0.00136      1.18020  5.47s
   1363       0.00159       0.00135      1.17838  5.34s
   1364       0.00160       0.00136      1.17460  5.46s
   1365       0.00159       0.00136      1.17030  5.45s
   1366       0.00159       0.00136      1.16854  5.51s
   1367       0.00160       0.00136      1.17611  5.33s
   1368       0.00158       0.00136      1.16300  5.48s
   1369       0.00158       0.00136      1.16756  5.48s
   1370       0.00159       0.00136      1.17039  5.47s
   1371       0.00158       0.00136      1.16773  5.43s
   1372       0.00159       0.00135      1.17483  5.47s
   1373       0.00160       0.00136      1.17578  5.49s
   1374       0.00158       0.00136      1.16459  5.40s
   1375       0.00157       0.00136      1.15567  5.42s
   1376       0.00158       0.00135      1.16773  5.38s
   1377       0.00157       0.00136      1.15671  5.47s
   1378       0.00160       0.00135      1.18194  5.48s
   1379       0.00158       0.00135      1.17330  5.42s
   1380       0.00158       0.00135      1.17037  5.44s
   1381       0.00156       0.00135      1.15398  5.34s
   1382       0.00159       0.00136      1.17010  5.38s
   1383       0.00157       0.00135      1.16414  5.43s
   1384       0.00157       0.00135      1.16007  5.48s
   1385       0.00158       0.00135      1.16526  5.42s
   1386       0.00157       0.00134      1.16870  5.40s
   1387       0.00158       0.00135      1.17373  5.37s
   1388       0.00155       0.00135      1.15421  5.49s
   1389       0.00157       0.00135      1.16877  5.49s
   1390       0.00159       0.00135      1.18309  5.51s
   1391       0.00158       0.00135      1.17428  5.33s
   1392       0.00158       0.00135      1.17154  5.47s
   1393       0.00157       0.00135      1.16301  5.45s
   1394       0.00157       0.00135      1.16567  5.42s
   1395       0.00157       0.00135      1.16759  5.48s
   1396       0.00156       0.00135      1.16105  5.40s
   1397       0.00158       0.00135      1.16922  5.45s
   1398       0.00159       0.00135      1.17550  5.50s
   1399       0.00157       0.00135      1.15935  5.48s
   1400       0.00158       0.00135      1.16834  5.47s
   1401       0.00160       0.00136      1.18132  5.48s
   1402       0.00157       0.00134      1.16894  5.48s
   1403       0.00158       0.00135      1.16655  5.48s
   1404       0.00156       0.00135      1.15571  5.48s
   1405       0.00157       0.00135      1.16204  5.49s
   1406       0.00156       0.00135      1.15698  5.49s
   1407       0.00158       0.00135      1.17239  5.47s
   1408       0.00155       0.00134      1.15264  5.51s
   1409       0.00156       0.00134      1.16406  5.48s
   1410       0.00156       0.00134      1.16489  5.47s
   1411       0.00155       0.00134      1.15503  5.50s
   1412       0.00155       0.00134      1.15899  5.51s
   1413       0.00156       0.00134      1.16556  5.49s
   1414       0.00155       0.00134      1.16001  5.52s
   1415       0.00158       0.00134      1.17620  5.43s
   1416       0.00156       0.00134      1.16636  5.47s
   1417       0.00158       0.00134      1.17933  5.48s
   1418       0.00154       0.00134      1.14842  5.49s
   1419       0.00155       0.00134      1.15649  5.42s
   1420       0.00155       0.00134      1.15428  5.50s
   1421       0.00155       0.00134      1.15667  5.40s
   1422       0.00155       0.00134      1.16021  5.43s
   1423       0.00155       0.00133      1.16810  5.45s
   1424       0.00155       0.00134      1.15143  5.47s
   1425       0.00155       0.00134      1.16287  5.51s
   1426       0.00155       0.00133      1.16586  5.49s
   1427       0.00154       0.00133      1.15765  5.48s
   1428       0.00155       0.00134      1.15630  5.46s
   1429       0.00157       0.00133      1.17689  5.49s
   1430       0.00154       0.00133      1.15603  5.43s
   1431       0.00155       0.00134      1.15159  5.48s
   1432       0.00157       0.00134      1.17102  5.47s
   1433       0.00155       0.00133      1.16413  5.49s
   1434       0.00159       0.00134      1.18724  5.48s
   1435       0.00155       0.00133      1.16563  5.48s
   1436       0.00156       0.00134      1.16955  5.49s
   1437       0.00155       0.00134      1.16308  5.42s
   1438       0.00156       0.00133      1.17822  5.50s
   1439       0.00155       0.00134      1.15840  5.38s
   1440       0.00155       0.00134      1.15885  5.50s
   1441       0.00154       0.00134      1.15101  5.43s
   1442       0.00156       0.00133      1.17392  5.48s
   1443       0.00154       0.00133      1.15904  5.44s
   1444       0.00158       0.00133      1.18499  5.40s
   1445       0.00155       0.00133      1.16027  5.44s
   1446       0.00156       0.00133      1.16685  5.27s
   1447       0.00157       0.00133      1.18183  5.51s
   1448       0.00154       0.00134      1.15156  5.48s
   1449       0.00155       0.00133      1.16712  5.49s
   1450       0.00156       0.00133      1.17291  5.50s
   1451       0.00155       0.00133      1.17105  5.43s
   1452       0.00155       0.00132      1.16728  5.44s
   1453       0.00155       0.00133      1.16420  5.48s
   1454       0.00155       0.00133      1.17000  5.47s
   1455       0.00155       0.00133      1.16664  5.48s
   1456       0.00154       0.00132      1.16337  5.48s
   1457       0.00154       0.00133      1.15866  5.50s
   1458       0.00155       0.00133      1.17040  5.42s
   1459       0.00155       0.00133      1.16649  5.49s
   1460       0.00155       0.00133      1.16573  5.35s
   1461       0.00154       0.00132      1.16702  5.49s
   1462       0.00156       0.00132      1.17802  5.41s
   1463       0.00155       0.00132      1.17339  5.48s
   1464       0.00154       0.00132      1.16584  5.48s
   1465       0.00154       0.00132      1.16490  5.48s
   1466       0.00155       0.00132      1.17211  5.39s
   1467       0.00155       0.00132      1.17414  5.40s
   1468       0.00155       0.00132      1.16918  5.46s
   1469       0.00152       0.00132      1.15630  5.47s
   1470       0.00152       0.00132      1.15351  5.46s
   1471       0.00152       0.00132      1.15302  5.47s
   1472       0.00152       0.00132      1.15131  5.45s
   1473       0.00154       0.00132      1.16172  5.47s
   1474       0.00155       0.00131      1.17784  5.46s
   1475       0.00152       0.00132      1.15401  5.47s
   1476       0.00154       0.00132      1.16912  5.48s
   1477       0.00154       0.00131      1.17369  5.45s
   1478       0.00155       0.00132      1.17489  5.48s
   1479       0.00153       0.00133      1.15106  5.46s
   1480       0.00156       0.00131      1.18593  5.51s
   1481       0.00153       0.00132      1.16160  5.47s
   1482       0.00153       0.00132      1.15697  5.40s
   1483       0.00154       0.00132      1.17022  5.48s
   1484       0.00153       0.00132      1.15385  5.46s
   1485       0.00154       0.00132      1.17203  5.48s
   1486       0.00153       0.00131      1.17166  5.45s
   1487       0.00153       0.00132      1.16271  5.46s
   1488       0.00154       0.00132      1.17266  5.50s
   1489       0.00153       0.00131      1.16220  5.47s
   1490       0.00153       0.00131      1.16911  5.43s
   1491       0.00154       0.00132      1.16434  5.45s
   1492       0.00155       0.00132      1.17451  5.52s
   1493       0.00153       0.00131      1.17198  5.49s
   1494       0.00153       0.00131      1.16747  5.47s
   1495       0.00153       0.00131      1.16902  5.43s
   1496       0.00157       0.00132      1.19002  5.45s
   1497       0.00153       0.00131      1.16350  5.48s
   1498       0.00153       0.00131      1.16562  5.51s
   1499       0.00155       0.00131      1.18450  5.49s
   1500       0.00152       0.00131      1.15437  5.48s
   1501       0.00154       0.00131      1.17800  5.34s
   1502       0.00154       0.00131      1.17190  5.47s
   1503       0.00154       0.00131      1.17174  5.46s
   1504       0.00153       0.00130      1.17039  5.48s
   1505       0.00153       0.00131      1.17088  5.47s
   1506       0.00152       0.00131      1.16105  5.48s
   1507       0.00153       0.00131      1.16378  5.44s
   1508       0.00153       0.00131      1.16398  5.42s
   1509       0.00151       0.00131      1.15694  5.35s
   1510       0.00151       0.00131      1.15819  5.47s
   1511       0.00151       0.00131      1.15199  5.45s
   1512       0.00152       0.00131      1.16479  5.51s
   1513       0.00153       0.00131      1.16649  5.45s
   1514       0.00152       0.00131      1.16067  5.43s
   1515       0.00151       0.00131      1.15608  5.45s
   1516       0.00150       0.00131      1.14594  5.47s
   1517       0.00152       0.00131      1.15816  5.50s
   1518       0.00152       0.00131      1.16128  5.47s
   1519       0.00151       0.00130      1.16792  5.48s
   1520       0.00151       0.00130      1.16141  5.49s
   1521       0.00153       0.00131      1.17269  5.49s
   1522       0.00153       0.00131      1.17318  5.50s
   1523       0.00154       0.00131      1.17287  5.52s
   1524       0.00152       0.00131      1.16597  5.49s
   1525       0.00151       0.00131      1.15213  5.47s
   1526       0.00152       0.00130      1.16388  5.35s
   1527       0.00153       0.00131      1.17380  5.46s
   1528       0.00150       0.00131      1.15090  5.47s
   1529       0.00153       0.00130      1.17846  5.49s
   1530       0.00151       0.00130      1.16382  5.48s
   1531       0.00153       0.00131      1.16983  5.48s
   1532       0.00152       0.00130      1.16405  5.49s
   1533       0.00152       0.00131      1.16467  5.47s
   1534       0.00151       0.00130      1.15991  5.46s
   1535       0.00151       0.00130      1.16774  5.50s
   1536       0.00150       0.00131      1.15239  5.48s
   1537       0.00153       0.00130      1.17670  5.42s
   1538       0.00151       0.00130      1.16187  5.47s
   1539       0.00151       0.00130      1.16637  5.47s
   1540       0.00150       0.00130      1.15392  5.44s
   1541       0.00151       0.00131      1.15663  5.49s
   1542       0.00150       0.00130      1.15442  5.49s
   1543       0.00150       0.00130      1.15760  5.48s
   1544       0.00152       0.00130      1.16896  5.47s
   1545       0.00149       0.00129      1.15159  5.47s
   1546       0.00152       0.00130      1.17559  5.48s
   1547       0.00153       0.00130      1.17217  5.47s
   1548       0.00151       0.00130      1.16139  5.44s
   1549       0.00152       0.00129      1.17650  5.42s
   1550       0.00152       0.00130      1.16582  5.50s
   1551       0.00152       0.00130      1.17247  5.45s
   1552       0.00150       0.00130      1.15343  5.42s
   1553       0.00151       0.00129      1.16852  5.48s
   1554       0.00152       0.00130      1.17501  5.49s
   1555       0.00151       0.00129      1.16778  5.50s
   1556       0.00151       0.00129      1.17697  5.46s
   1557       0.00150       0.00129      1.16141  5.51s
   1558       0.00150       0.00129      1.16713  5.40s
   1559       0.00151       0.00130      1.16653  5.36s
   1560       0.00149       0.00130      1.14919  5.41s
   1561       0.00150       0.00129      1.15889  5.49s
   1562       0.00151       0.00130      1.16409  5.48s
   1563       0.00151       0.00129      1.16637  5.52s
   1564       0.00150       0.00129      1.16521  5.48s
   1565       0.00151       0.00129      1.16540  5.45s
   1566       0.00151       0.00128      1.17443  5.47s
   1567       0.00151       0.00129      1.16997  5.47s
   1568       0.00150       0.00129      1.16412  5.48s
   1569       0.00150       0.00129      1.16341  5.49s
   1570       0.00150       0.00129      1.16531  5.48s
   1571       0.00150       0.00129      1.16437  5.42s
   1572       0.00152       0.00129      1.18012  5.47s
   1573       0.00152       0.00128      1.18280  5.48s
   1574       0.00149       0.00129      1.15408  5.50s
   1575       0.00150       0.00129      1.16495  5.48s
   1576       0.00150       0.00129      1.16109  5.42s
   1577       0.00150       0.00129      1.16644  5.46s
   1578       0.00150       0.00129      1.16260  5.44s
   1579       0.00151       0.00129      1.16958  5.41s
   1580       0.00149       0.00129      1.15418  5.43s
   1581       0.00149       0.00128      1.16111  5.46s
   1582       0.00152       0.00129      1.17795  5.36s
   1583       0.00149       0.00129      1.16052  5.39s
   1584       0.00149       0.00128      1.15678  5.42s
   1585       0.00150       0.00128      1.17265  5.49s
   1586       0.00149       0.00128      1.16625  5.38s
   1587       0.00152       0.00129      1.17899  5.52s
   1588       0.00151       0.00129      1.17436  5.48s
   1589       0.00150       0.00128      1.16521  5.49s
   1590       0.00150       0.00128      1.16966  5.50s
   1591       0.00149       0.00128      1.16446  5.43s
   1592       0.00150       0.00128      1.16798  5.48s
   1593       0.00150       0.00128      1.17502  5.43s
   1594       0.00151       0.00128      1.17360  5.46s
   1595       0.00150       0.00128      1.17190  5.47s
   1596       0.00150       0.00129      1.16990  5.50s
   1597       0.00148       0.00129      1.15421  5.51s
   1598       0.00149       0.00128      1.16306  5.49s
   1599       0.00149       0.00128      1.16795  5.47s
   1600       0.00149       0.00128      1.16039  5.52s
   1601       0.00150       0.00129      1.16611  5.51s
   1602       0.00150       0.00129      1.16683  5.66s
   1603       0.00148       0.00127      1.16347  5.65s
   1604       0.00149       0.00128      1.16875  5.62s
   1605       0.00149       0.00128      1.16439  5.70s
   1606       0.00152       0.00128      1.19262  5.61s
   1607       0.00150       0.00128      1.16719  5.49s
   1608       0.00148       0.00128      1.15952  5.46s
   1609       0.00147       0.00127      1.15220  5.50s
   1610       0.00149       0.00128      1.16515  5.54s
   1611       0.00150       0.00128      1.17205  5.54s
   1612       0.00148       0.00127      1.16645  5.75s
   1613       0.00149       0.00128      1.16242  5.72s
   1614       0.00152       0.00128      1.18800  5.66s
   1615       0.00150       0.00128      1.17129  5.57s
   1616       0.00148       0.00128      1.15779  5.48s
   1617       0.00149       0.00128      1.16726  5.52s
   1618       0.00149       0.00127      1.17126  5.46s
   1619       0.00146       0.00128      1.14744  5.49s
   1620       0.00149       0.00127      1.16785  5.49s
   1621       0.00150       0.00128      1.17231  5.50s
   1622       0.00149       0.00128      1.16582  5.54s
   1623       0.00148       0.00128      1.16209  5.51s
   1624       0.00149       0.00128      1.16497  5.55s
   1625       0.00149       0.00128      1.16002  5.46s
   1626       0.00147       0.00127      1.15596  5.48s
   1627       0.00150       0.00127      1.18079  5.55s
   1628       0.00150       0.00127      1.17767  5.57s
   1629       0.00149       0.00127      1.16475  5.60s
   1630       0.00147       0.00127      1.15892  5.64s
   1631       0.00147       0.00127      1.15629  5.53s
   1632       0.00149       0.00127      1.17708  5.61s
   1633       0.00149       0.00127      1.17108  5.64s
   1634       0.00148       0.00128      1.16022  5.55s
   1635       0.00149       0.00127      1.17135  5.48s
   1636       0.00149       0.00127      1.17969  5.61s
   1637       0.00149       0.00127      1.17479  5.45s
   1638       0.00146       0.00127      1.15360  5.49s
   1639       0.00147       0.00126      1.16104  5.52s
   1640       0.00148       0.00127      1.16856  5.41s
   1641       0.00147       0.00127      1.16274  5.49s
   1642       0.00147       0.00127      1.15858  5.60s
   1643       0.00148       0.00128      1.15895  5.49s
   1644       0.00147       0.00127      1.16295  5.53s
   1645       0.00147       0.00126      1.16854  5.57s
   1646       0.00146       0.00127      1.15732  5.55s
   1647       0.00149       0.00127      1.17887  5.67s
   1648       0.00150       0.00127      1.17648  5.53s
   1649       0.00145       0.00126      1.14943  5.62s
   1650       0.00144       0.00127      1.13512  5.43s
   1651       0.00149       0.00126      1.17535  5.49s
   1652       0.00148       0.00126      1.17346  5.59s
   1653       0.00147       0.00126      1.16091  5.53s
   1654       0.00149       0.00127      1.17430  5.47s
   1655       0.00146       0.00126      1.15754  5.48s
   1656       0.00147       0.00126      1.16009  5.50s
   1657       0.00147       0.00127      1.15593  5.51s
   1658       0.00147       0.00127      1.16304  5.46s
   1659       0.00147       0.00126      1.16284  5.48s
   1660       0.00146       0.00127      1.15450  5.50s
   1661       0.00148       0.00127      1.16767  5.49s

